[2021-04-28 00:50:09] This is codeql execute queries -J-Xmx1591M --off-heap-ram=1591 --verbosity=progress --logdir=/home/akhil/compilers/codeql-compilers-repo/test_dir/array_tests/codeql_db/log --ml-model-path= --native-library-path= --warnings=show -- /home/akhil/compilers/codeql-compilers-repo/test_dir/array_tests/codeql_db/db-cpp /home/akhil/compilers/codeql-compilers-repo/test_dir/array_tests/gamma.ql
[2021-04-28 00:50:09] Creating executor with 1 threads.
[2021-04-28 00:50:09] Calling plumbing command: codeql resolve library-path --query=/home/akhil/compilers/codeql-compilers-repo/test_dir/array_tests/gamma.ql --format=json
[2021-04-28 00:50:09] [DETAILS] resolve library-path> Resolving query at normalized path /home/akhil/compilers/codeql-compilers-repo/test_dir/array_tests/gamma.ql.
[2021-04-28 00:50:09] [DETAILS] resolve library-path> Found enclosing pack 'workshop-queries-cpp' at /home/akhil/compilers/codeql-compilers-repo/test_dir/array_tests.
[2021-04-28 00:50:09] [DETAILS] resolve library-path> Adding compilation cache at /home/akhil/compilers/codeql-compilers-repo/test_dir/array_tests/.cache.
[2021-04-28 00:50:09] [DETAILS] resolve library-path> Resolving library dependencies from /home/akhil/compilers/codeql-compilers-repo/test_dir/array_tests/qlpack.yml.
[2021-04-28 00:50:09] [DETAILS] resolve library-path> QL pack dependencies for /home/akhil/compilers/codeql-compilers-repo/test_dir/array_tests resolved OK.
[2021-04-28 00:50:09] [DETAILS] resolve library-path> Found dbscheme through QL packs: /home/akhil/compilers/codeql-compilers-repo/codeql-home/codeql-repo/cpp/ql/src/semmlecode.cpp.dbscheme.
[2021-04-28 00:50:09] Plumbing command codeql resolve library-path completed:
                      {
                        "libraryPath" : [
                          "/home/akhil/compilers/codeql-compilers-repo/test_dir/array_tests",
                          "/home/akhil/compilers/codeql-compilers-repo/codeql-home/codeql-repo/cpp/ql/src"
                        ],
                        "dbscheme" : "/home/akhil/compilers/codeql-compilers-repo/codeql-home/codeql-repo/cpp/ql/src/semmlecode.cpp.dbscheme",
                        "compilationCache" : [
                          "/home/akhil/compilers/codeql-compilers-repo/test_dir/array_tests/.cache"
                        ],
                        "relativeName" : "workshop-queries-cpp/gamma.ql",
                        "qlPackName" : "workshop-queries-cpp"
                      }
[2021-04-28 00:50:09] [PROGRESS] execute queries> Compiling query plan for /home/akhil/compilers/codeql-compilers-repo/test_dir/array_tests/gamma.ql.
[2021-04-28 00:50:09] [DETAILS] execute queries> Resolving imports for /home/akhil/compilers/codeql-compilers-repo/test_dir/array_tests/gamma.ql.
[2021-04-28 00:50:09] Resolved file set for /home/akhil/compilers/codeql-compilers-repo/test_dir/array_tests/gamma.ql hashes to ea6058d6fb9998a322860aa1f10a35538acdb5bd.
[2021-04-28 00:50:09] [DETAILS] execute queries> Checking QL for /home/akhil/compilers/codeql-compilers-repo/test_dir/array_tests/gamma.ql.
[2021-04-28 00:50:10] ExternalModuleBindingPass ...
[2021-04-28 00:50:10] ExternalModuleBindingPass time: 00:00.422
[2021-04-28 00:50:10] QLPredicateSynthesiser ...
[2021-04-28 00:50:10] QLPredicateSynthesiser time: 00:00.038
[2021-04-28 00:50:10] DeclarationBindingPass ...
[2021-04-28 00:50:10] DeclarationBindingPass time: 00:00.049
[2021-04-28 00:50:10] Fixed point time ...
[2021-04-28 00:50:10] Fixed point time time: 00:00.246
[2021-04-28 00:50:10] ReferenceBindingPass ...
[2021-04-28 00:50:10] ReferenceBindingPass time: 00:00.024
[2021-04-28 00:50:10] EntityTypeUpdateBindingPass ...
[2021-04-28 00:50:10] EntityTypeUpdateBindingPass time: 00:00.020
[2021-04-28 00:50:10] ReferenceBindingCheck ...
[2021-04-28 00:50:10] ReferenceBindingCheck time: 00:00.018
[2021-04-28 00:50:10] PredicateBodyBindingPass ...
[2021-04-28 00:50:11] PredicateBodyBindingPass time: 00:00.282
[2021-04-28 00:50:11] LanguagePragmaPropagationPass ...
[2021-04-28 00:50:11] LanguagePragmaPropagationPass time: 00:00.014
[2021-04-28 00:50:11] Ambiguity checks ...
[2021-04-28 00:50:11] Ambiguity checks time: 00:00.034
[2021-04-28 00:50:11] Ql checks ...
[2021-04-28 00:50:11] Ql checks time: 00:00.234
[2021-04-28 00:50:11] [ERROR] execute queries> ERROR: extraneous input 'and' expecting one of: 'any', 'avg', 'boolean', 'count', 'date', 'exists', 'false', 'float', 'forall', 'forex', 'if', 'int', 'max', 'min', 'not', 'none', 'rank', 'result', 'strictcount', 'strictsum', 'strictconcat', 'concat', 'string', 'sum', 'super', 'this', 'true', '-', '(', '[', '+', Lowerid, Upperid, Atlowerid, Integer, Float, String (/home/akhil/compilers/codeql-compilers-repo/test_dir/array_tests/gamma.ql:6,2-5)
[2021-04-28 00:50:11] [ERROR] execute queries> ERROR: extraneous input ')' expecting one of: '}' (/home/akhil/compilers/codeql-compilers-repo/test_dir/array_tests/gamma.ql:16,42-43)
[2021-04-28 00:50:11] [ERROR] execute queries> ERROR: Could not resolve variable f3 (/home/akhil/compilers/codeql-compilers-repo/test_dir/array_tests/gamma.ql:16,29-31)
[2021-04-28 00:50:11] Sequence stamp origin is -6597819628519967313
[2021-04-28 00:50:11] Stopped the world to close the cache at sequence stamp o+0
[2021-04-28 00:50:11] The disk cache is freshly trimmed; leave it be.
[2021-04-28 00:50:11] Starting the world again
[2021-04-28 00:50:11] Exiting with code 2
