[T 18:29:44 1791] Reading configuration file /home/akhil/compilers/codeql-compilers-repo/test_dir/build_testing/codeql_db/working/tracing/compiler-tracing9515245928897035771.spec...
[T 18:29:44 1791] Compilers file as of 2021-05-06 18:29:44
[T 18:29:44 1791] Compiler pattern: **/configure
[T 18:29:44 1791] Replace intercepted call: 0
[T 18:29:44 1791] Extractor: <null>
[T 18:29:44 1791] Compilers file as of 2021-05-06 18:29:44
[T 18:29:44 1791] Compiler pattern: **/do-prebuild
[T 18:29:44 1791] Replace intercepted call: 0
[T 18:29:44 1791] Extractor: <null>
[T 18:29:44 1791] Compilers file as of 2021-05-06 18:29:44
[T 18:29:44 1791] Compiler pattern: **/collect2
[T 18:29:44 1791] Replace intercepted call: 0
[T 18:29:44 1791] Extractor: /home/akhil/compilers/codeql-compilers-repo/codeql-home/codeql/cpp/tools/linux64/extractor
[T 18:29:44 1791] Prepend[0] "--linker"
[T 18:29:44 1791] Prepend[1] "--semmle-linker-executable"
[T 18:29:44 1791] Prepend[2] "${compiler}"
[T 18:29:44 1791] Compilers file as of 2021-05-06 18:29:44
[T 18:29:44 1791] Compiler pattern: **/lld*
[T 18:29:44 1791] Replace intercepted call: 0
[T 18:29:44 1791] Extractor: /home/akhil/compilers/codeql-compilers-repo/codeql-home/codeql/cpp/tools/linux64/extractor
[T 18:29:44 1791] Prepend[0] "--linker"
[T 18:29:44 1791] Prepend[1] "--semmle-linker-executable"
[T 18:29:44 1791] Prepend[2] "${compiler}"
[T 18:29:44 1791] Compilers file as of 2021-05-06 18:29:44
[T 18:29:44 1791] Compiler pattern: **/*-ld*
[T 18:29:44 1791] Replace intercepted call: 0
[T 18:29:44 1791] Extractor: /home/akhil/compilers/codeql-compilers-repo/codeql-home/codeql/cpp/tools/linux64/extractor
[T 18:29:44 1791] Prepend[0] "--linker"
[T 18:29:44 1791] Prepend[1] "--semmle-linker-executable"
[T 18:29:44 1791] Prepend[2] "${compiler}"
[T 18:29:44 1791] Compilers file as of 2021-05-06 18:29:44
[T 18:29:44 1791] Compiler pattern: **/ld*
[T 18:29:44 1791] Replace intercepted call: 0
[T 18:29:44 1791] Extractor: /home/akhil/compilers/codeql-compilers-repo/codeql-home/codeql/cpp/tools/linux64/extractor
[T 18:29:44 1791] Prepend[0] "--linker"
[T 18:29:44 1791] Prepend[1] "--semmle-linker-executable"
[T 18:29:44 1791] Prepend[2] "${compiler}"
[T 18:29:44 1791] Compilers file as of 2021-05-06 18:29:44
[T 18:29:44 1791] Compiler pattern: **/armlink
[T 18:29:44 1791] Replace intercepted call: 0
[T 18:29:44 1791] Extractor: /home/akhil/compilers/codeql-compilers-repo/codeql-home/codeql/cpp/tools/linux64/extractor
[T 18:29:44 1791] Prepend[0] "--arm-linker"
[T 18:29:44 1791] Prepend[1] "--semmle-linker-executable"
[T 18:29:44 1791] Prepend[2] "${compiler}"
[T 18:29:44 1791] Compilers file as of 2021-05-06 18:29:44
[T 18:29:44 1791] Compiler pattern: **/icpc
[T 18:29:44 1791] Replace intercepted call: 0
[T 18:29:44 1791] Extractor: /home/akhil/compilers/codeql-compilers-repo/codeql-home/codeql/cpp/tools/linux64/extractor
[T 18:29:44 1791] Prepend[0] "--mimic"
[T 18:29:44 1791] Prepend[1] "${compiler}"
[T 18:29:44 1791] Compilers file as of 2021-05-06 18:29:44
[T 18:29:44 1791] Compiler pattern: **/*++*
[T 18:29:44 1791] Replace intercepted call: 0
[T 18:29:44 1791] Extractor: /home/akhil/compilers/codeql-compilers-repo/codeql-home/codeql/cpp/tools/linux64/extractor
[T 18:29:44 1791] Prepend[0] "--mimic"
[T 18:29:44 1791] Prepend[1] "${compiler}"
[T 18:29:44 1791] Compilers file as of 2021-05-06 18:29:44
[T 18:29:44 1791] Compiler pattern: **/*cc*
[T 18:29:44 1791] Replace intercepted call: 0
[T 18:29:44 1791] Extractor: /home/akhil/compilers/codeql-compilers-repo/codeql-home/codeql/cpp/tools/linux64/extractor
[T 18:29:44 1791] Prepend[0] "--mimic"
[T 18:29:44 1791] Prepend[1] "${compiler}"
[T 18:29:44 1791] Compilers file as of 2021-05-06 18:29:44
[T 18:29:44 1791] Compiler pattern: **/*clang*
[T 18:29:44 1791] Replace intercepted call: 0
[T 18:29:44 1791] Extractor: /home/akhil/compilers/codeql-compilers-repo/codeql-home/codeql/cpp/tools/linux64/extractor
[T 18:29:44 1791] Prepend[0] "--mimic"
[T 18:29:44 1791] Prepend[1] "${compiler}"
[T 18:29:44 1791] Reading configuration file /home/akhil/compilers/codeql-compilers-repo/test_dir/build_testing/codeql_db/working/tracing/compiler-tracing9515245928897035771.spec...
[T 18:29:44 1791] Warning: SEMMLE_EXEC and SEMMLE_EXECP not set. Falling back to path lookup on argv[0].
[T 18:29:44 1791] ==== Candidate to intercept: /home/akhil/compilers/codeql-compilers-repo/codeql-home/codeql/tools/linux64/runner-linux (canonical: /home/akhil/compilers/codeql-compilers-repo/codeql-home/codeql/tools/linux64/runner-linux) ====
[T 18:29:44 1791] Reading configuration file /home/akhil/compilers/codeql-compilers-repo/test_dir/build_testing/codeql_db/working/tracing/compiler-tracing9515245928897035771.spec...
[T 18:29:44 1791] ==== Candidate to intercept: g++ (canonical: g++) ====
[T 18:29:44 1791] Will try to resolve g++ in path /usr/local/sbin:/usr/local/bin:/usr/sbin:/usr/bin:/sbin:/bin:/usr/games:/usr/local/games:/mnt/c/Program Files/WindowsApps/CanonicalGroupLimited.Ubuntu20.04onWindows_2004.2021.222.0_x64__79rhkp1fndgsc:/mnt/c/Windows/system32:/mnt/c/Windows:/mnt/c/Windows/System32/Wbem:/mnt/c/Windows/System32/WindowsPowerShell/v1.0/:/mnt/c/Windows/System32/OpenSSH/:/mnt/c/Program Files/Microsoft VS Code/bin:/mnt/c/Program Files/MATLAB/R2020b/bin:/mnt/c/Program Files/PuTTY/:/mnt/c/Program Files/Git/cmd:/mnt/c/Users/Bujji/AppData/Local/Microsoft/WindowsApps:/mnt/c/Users/Bujji/AppData/Local/GitHubDesktop/bin:/mnt/c/Users/Bujji/AppData/Local/Programs/Microsoft VS Code/bin:/snap/bin.
[T 18:29:44 1791]  -> path lookup for g++ as /usr/local/sbin/g++...
[T 18:29:44 1791]  -> path lookup for g++ as /usr/local/bin/g++...
[T 18:29:44 1791]  -> path lookup for g++ as /usr/sbin/g++...
[T 18:29:44 1791]  -> path lookup for g++ as /usr/bin/g++...
[T 18:29:44 1791] ==== Candidate to intercept: /usr/bin/g++ (canonical: /usr/bin/x86_64-linux-gnu-g++-9) ====
[T 18:29:44 1791] === Intercepted call to /usr/bin/x86_64-linux-gnu-g++-9 === 
[T 18:29:44 1791] Resolved barename g++ to /usr/bin/g++, which matched **/*++*...
[T 18:29:44 1793] Reading configuration file /home/akhil/compilers/codeql-compilers-repo/test_dir/build_testing/codeql_db/working/tracing/compiler-tracing9515245928897035771.spec...
[T 18:29:44 1793] ==== Candidate to intercept: /usr/lib/gcc/x86_64-linux-gnu/9/cc1plus (canonical: /usr/lib/gcc/x86_64-linux-gnu/9/cc1plus) ====
[T 18:29:44 1793] === Intercepted call to /usr/lib/gcc/x86_64-linux-gnu/9/cc1plus === 
[T 18:29:44 1798] Attempting to switch stdout/stderr to 3...
[T 18:29:44 1798] Reading configuration file /home/akhil/compilers/codeql-compilers-repo/test_dir/build_testing/codeql_db/working/tracing/compiler-tracing9515245928897035771.spec...
[E 18:29:44 1798] CodeQL C/C++ Extractor 1.28.0-SNAPSHOT
[E 18:29:44 1798] Current directory: /home/akhil/compilers/codeql-compilers-repo/test_dir/build_testing
[E 18:29:44 1798] Command: /home/akhil/compilers/codeql-compilers-repo/codeql-home/codeql/cpp/tools/linux64/extractor --mimic /usr/lib/gcc/x86_64-linux-gnu/9/cc1plus -quiet -imultiarch x86_64-linux-gnu -D_GNU_SOURCE row_major.cpp -quiet -dumpbase row_major.cpp -mtune=generic -march=x86-64 -auxbase row_major -fasynchronous-unwind-tables -fstack-protector-strong -Wformat -Wformat-security -fstack-clash-protection -fcf-protection -o /tmp/ccoNAxDF.s
[T 18:29:44 1799] Reading configuration file /home/akhil/compilers/codeql-compilers-repo/test_dir/build_testing/codeql_db/working/tracing/compiler-tracing9515245928897035771.spec...
[T 18:29:44 1799] ==== Candidate to intercept: /usr/lib/gcc/x86_64-linux-gnu/9/cc1plus (canonical: /usr/lib/gcc/x86_64-linux-gnu/9/cc1plus) ====
[T 18:29:44 1799] === Intercepted call to /usr/lib/gcc/x86_64-linux-gnu/9/cc1plus === 
[T 18:29:44 1801] Attempting to switch stdout/stderr to 5...
[T 18:29:44 1801] Reading configuration file /home/akhil/compilers/codeql-compilers-repo/test_dir/build_testing/codeql_db/working/tracing/compiler-tracing9515245928897035771.spec...
[E 18:29:44 1801] CodeQL C/C++ Extractor 1.28.0-SNAPSHOT
[E 18:29:44 1801] Current directory: /home/akhil/compilers/codeql-compilers-repo/test_dir/build_testing
[E 18:29:44 1801] Command: /home/akhil/compilers/codeql-compilers-repo/codeql-home/codeql/cpp/tools/linux64/extractor --mimic /usr/lib/gcc/x86_64-linux-gnu/9/cc1plus --version
[E 18:29:44 1801] Within classification loop; exiting.
[T 18:29:44 1799] Extractor terminated with exit code 0.
[T 18:29:44 1802] Reading configuration file /home/akhil/compilers/codeql-compilers-repo/test_dir/build_testing/codeql_db/working/tracing/compiler-tracing9515245928897035771.spec...
[T 18:29:44 1802] ==== Candidate to intercept: /usr/lib/gcc/x86_64-linux-gnu/9/cc1plus (canonical: /usr/lib/gcc/x86_64-linux-gnu/9/cc1plus) ====
[T 18:29:44 1802] === Intercepted call to /usr/lib/gcc/x86_64-linux-gnu/9/cc1plus === 
[T 18:29:44 1804] Attempting to switch stdout/stderr to 5...
[T 18:29:44 1804] Reading configuration file /home/akhil/compilers/codeql-compilers-repo/test_dir/build_testing/codeql_db/working/tracing/compiler-tracing9515245928897035771.spec...
[E 18:29:44 1804] CodeQL C/C++ Extractor 1.28.0-SNAPSHOT
[E 18:29:44 1804] Current directory: /home/akhil/compilers/codeql-compilers-repo/test_dir/build_testing
[E 18:29:44 1804] Command: /home/akhil/compilers/codeql-compilers-repo/codeql-home/codeql/cpp/tools/linux64/extractor --mimic /usr/lib/gcc/x86_64-linux-gnu/9/cc1plus --help
[E 18:29:44 1804] Within classification loop; exiting.
[T 18:29:44 1802] Extractor terminated with exit code 0.
[E 18:29:44 1798] Not a compiler; exiting. Reason: --version stdout was:

--version stderr was:

process exited with code 0

[T 18:29:44 1793] Extractor terminated with exit code 0.
[T 18:29:44 1805] Reading configuration file /home/akhil/compilers/codeql-compilers-repo/test_dir/build_testing/codeql_db/working/tracing/compiler-tracing9515245928897035771.spec...
[T 18:29:44 1805] ==== Candidate to intercept: as (canonical: as) ====
[T 18:29:44 1805] Will try to resolve as in path /usr/local/sbin:/usr/local/bin:/usr/sbin:/usr/bin:/sbin:/bin:/usr/games:/usr/local/games:/mnt/c/Program Files/WindowsApps/CanonicalGroupLimited.Ubuntu20.04onWindows_2004.2021.222.0_x64__79rhkp1fndgsc:/mnt/c/Windows/system32:/mnt/c/Windows:/mnt/c/Windows/System32/Wbem:/mnt/c/Windows/System32/WindowsPowerShell/v1.0/:/mnt/c/Windows/System32/OpenSSH/:/mnt/c/Program Files/Microsoft VS Code/bin:/mnt/c/Program Files/MATLAB/R2020b/bin:/mnt/c/Program Files/PuTTY/:/mnt/c/Program Files/Git/cmd:/mnt/c/Users/Bujji/AppData/Local/Microsoft/WindowsApps:/mnt/c/Users/Bujji/AppData/Local/GitHubDesktop/bin:/mnt/c/Users/Bujji/AppData/Local/Programs/Microsoft VS Code/bin:/snap/bin.
[T 18:29:44 1805]  -> path lookup for as as /usr/local/sbin/as...
[T 18:29:44 1805]  -> path lookup for as as /usr/local/bin/as...
[T 18:29:44 1805]  -> path lookup for as as /usr/sbin/as...
[T 18:29:44 1805]  -> path lookup for as as /usr/bin/as...
[T 18:29:44 1805] ==== Candidate to intercept: /usr/bin/as (canonical: /usr/bin/x86_64-linux-gnu-as) ====
[T 18:29:44 1805] Pathname resolved to /usr/bin/as, which does not match a compiler.
[T 18:29:44 1806] Reading configuration file /home/akhil/compilers/codeql-compilers-repo/test_dir/build_testing/codeql_db/working/tracing/compiler-tracing9515245928897035771.spec...
[T 18:29:44 1806] ==== Candidate to intercept: /usr/lib/gcc/x86_64-linux-gnu/9/collect2 (canonical: /usr/lib/gcc/x86_64-linux-gnu/9/collect2) ====
[T 18:29:44 1806] === Intercepted call to /usr/lib/gcc/x86_64-linux-gnu/9/collect2 === 
[T 18:29:44 1807] Attempting to switch stdout/stderr to 3...
[T 18:29:44 1807] Reading configuration file /home/akhil/compilers/codeql-compilers-repo/test_dir/build_testing/codeql_db/working/tracing/compiler-tracing9515245928897035771.spec...
[E 18:29:44 1807] CodeQL C/C++ Extractor 1.28.0-SNAPSHOT
[E 18:29:44 1807] Current directory: /home/akhil/compilers/codeql-compilers-repo/test_dir/build_testing
[E 18:29:44 1807] Command: /home/akhil/compilers/codeql-compilers-repo/codeql-home/codeql/cpp/tools/linux64/extractor --linker --semmle-linker-executable /usr/lib/gcc/x86_64-linux-gnu/9/collect2 -plugin /usr/lib/gcc/x86_64-linux-gnu/9/liblto_plugin.so -plugin-opt=/usr/lib/gcc/x86_64-linux-gnu/9/lto-wrapper -plugin-opt=-fresolution=/tmp/cc7L1lfG.res -plugin-opt=-pass-through=-lgcc_s -plugin-opt=-pass-through=-lgcc -plugin-opt=-pass-through=-lc -plugin-opt=-pass-through=-lgcc_s -plugin-opt=-pass-through=-lgcc --build-id --eh-frame-hdr -m elf_x86_64 --hash-style=gnu --as-needed -dynamic-linker /lib64/ld-linux-x86-64.so.2 -pie -z now -z relro /usr/lib/gcc/x86_64-linux-gnu/9/../../../x86_64-linux-gnu/Scrt1.o /usr/lib/gcc/x86_64-linux-gnu/9/../../../x86_64-linux-gnu/crti.o /usr/lib/gcc/x86_64-linux-gnu/9/crtbeginS.o -L/usr/lib/gcc/x86_64-linux-gnu/9 -L/usr/lib/gcc/x86_64-linux-gnu/9/../../../x86_64-linux-gnu -L/usr/lib/gcc/x86_64-linux-gnu/9/../../../../lib -L/lib/x86_64-linux-gnu -L/lib/../lib -L/usr/lib/x86_64-linux-gnu -L/usr/lib/../lib -L/usr/lib/gcc/x86_64-linux-gnu/9/../../.. /tmp/ccUlfluH.o '-lstdc++' -lm -lgcc_s -lgcc -lc -lgcc_s -lgcc /usr/lib/gcc/x86_64-linux-gnu/9/crtendS.o /usr/lib/gcc/x86_64-linux-gnu/9/../../../x86_64-linux-gnu/crtn.o
Warning: Unrecognised command line argument -plugin
Warning: Unrecognised command line argument -plugin-opt=/usr/lib/gcc/x86_64-linux-gnu/9/lto-wrapper
Warning: Unrecognised command line argument -plugin-opt=-fresolution=/tmp/cc7L1lfG.res
Warning: Unrecognised command line argument -plugin-opt=-pass-through=-lgcc_s
Warning: Unrecognised command line argument -plugin-opt=-pass-through=-lgcc
Warning: Unrecognised command line argument -plugin-opt=-pass-through=-lc
Warning: Unrecognised command line argument -plugin-opt=-pass-through=-lgcc_s
Warning: Unrecognised command line argument -plugin-opt=-pass-through=-lgcc
Warning: Unrecognised command line argument --build-id
[E 18:29:44 1807] Warning[extractor-c++]: In print_object_names: Could not open object file "elf_x86_64" (error 2: No such file or directory).
[T 18:29:44 1808] Reading configuration file /home/akhil/compilers/codeql-compilers-repo/test_dir/build_testing/codeql_db/working/tracing/compiler-tracing9515245928897035771.spec...
[T 18:29:44 1808] ==== Candidate to intercept: /usr/bin/ld (canonical: /usr/bin/x86_64-linux-gnu-ld.bfd) ====
[T 18:29:44 1808] === Intercepted call to /usr/bin/x86_64-linux-gnu-ld.bfd === 
[T 18:29:44 1809] Attempting to switch stdout/stderr to 3...
[T 18:29:44 1809] Reading configuration file /home/akhil/compilers/codeql-compilers-repo/test_dir/build_testing/codeql_db/working/tracing/compiler-tracing9515245928897035771.spec...
[E 18:29:44 1809] CodeQL C/C++ Extractor 1.28.0-SNAPSHOT
[E 18:29:44 1809] Current directory: /home/akhil/compilers/codeql-compilers-repo/test_dir/build_testing
[E 18:29:44 1809] Command: /home/akhil/compilers/codeql-compilers-repo/codeql-home/codeql/cpp/tools/linux64/extractor --linker --semmle-linker-executable /usr/bin/x86_64-linux-gnu-ld.bfd -plugin /usr/lib/gcc/x86_64-linux-gnu/9/liblto_plugin.so -plugin-opt=/usr/lib/gcc/x86_64-linux-gnu/9/lto-wrapper -plugin-opt=-fresolution=/tmp/cc7L1lfG.res -plugin-opt=-pass-through=-lgcc_s -plugin-opt=-pass-through=-lgcc -plugin-opt=-pass-through=-lc -plugin-opt=-pass-through=-lgcc_s -plugin-opt=-pass-through=-lgcc --build-id --eh-frame-hdr -m elf_x86_64 --hash-style=gnu --as-needed -dynamic-linker /lib64/ld-linux-x86-64.so.2 -pie -z now -z relro /usr/lib/gcc/x86_64-linux-gnu/9/../../../x86_64-linux-gnu/Scrt1.o /usr/lib/gcc/x86_64-linux-gnu/9/../../../x86_64-linux-gnu/crti.o /usr/lib/gcc/x86_64-linux-gnu/9/crtbeginS.o -L/usr/lib/gcc/x86_64-linux-gnu/9 -L/usr/lib/gcc/x86_64-linux-gnu/9/../../../x86_64-linux-gnu -L/usr/lib/gcc/x86_64-linux-gnu/9/../../../../lib -L/lib/x86_64-linux-gnu -L/lib/../lib -L/usr/lib/x86_64-linux-gnu -L/usr/lib/../lib -L/usr/lib/gcc/x86_64-linux-gnu/9/../../.. /tmp/ccUlfluH.o '-lstdc++' -lm -lgcc_s -lgcc -lc -lgcc_s -lgcc /usr/lib/gcc/x86_64-linux-gnu/9/crtendS.o /usr/lib/gcc/x86_64-linux-gnu/9/../../../x86_64-linux-gnu/crtn.o
Warning: Unrecognised command line argument -plugin
Warning: Unrecognised command line argument -plugin-opt=/usr/lib/gcc/x86_64-linux-gnu/9/lto-wrapper
Warning: Unrecognised command line argument -plugin-opt=-fresolution=/tmp/cc7L1lfG.res
Warning: Unrecognised command line argument -plugin-opt=-pass-through=-lgcc_s
Warning: Unrecognised command line argument -plugin-opt=-pass-through=-lgcc
Warning: Unrecognised command line argument -plugin-opt=-pass-through=-lc
Warning: Unrecognised command line argument -plugin-opt=-pass-through=-lgcc_s
Warning: Unrecognised command line argument -plugin-opt=-pass-through=-lgcc
Warning: Unrecognised command line argument --build-id
[E 18:29:44 1809] Warning[extractor-c++]: In print_object_names: Could not open object file "elf_x86_64" (error 2: No such file or directory).
[T 18:29:44 1810] Attempting to switch stdout/stderr to 3...
[T 18:29:44 1810] Reading configuration file /home/akhil/compilers/codeql-compilers-repo/test_dir/build_testing/codeql_db/working/tracing/compiler-tracing9515245928897035771.spec...
[E 18:29:44 1810] CodeQL C/C++ Extractor 1.28.0-SNAPSHOT
[E 18:29:44 1810] Current directory: /home/akhil/compilers/codeql-compilers-repo/test_dir/build_testing
[E 18:29:44 1810] Command: /home/akhil/compilers/codeql-compilers-repo/codeql-home/codeql/cpp/tools/linux64/extractor --mimic '/usr/bin/x86_64-linux-gnu-g++-9' row_major.cpp
[T 18:29:44 1811] Reading configuration file /home/akhil/compilers/codeql-compilers-repo/test_dir/build_testing/codeql_db/working/tracing/compiler-tracing9515245928897035771.spec...
[T 18:29:44 1811] ==== Candidate to intercept: /usr/bin/x86_64-linux-gnu-g++-9 (canonical: /usr/bin/x86_64-linux-gnu-g++-9) ====
[T 18:29:44 1811] === Intercepted call to /usr/bin/x86_64-linux-gnu-g++-9 === 
[T 18:29:44 1813] Attempting to switch stdout/stderr to 5...
[T 18:29:44 1813] Reading configuration file /home/akhil/compilers/codeql-compilers-repo/test_dir/build_testing/codeql_db/working/tracing/compiler-tracing9515245928897035771.spec...
[E 18:29:44 1813] CodeQL C/C++ Extractor 1.28.0-SNAPSHOT
[E 18:29:44 1813] Current directory: /home/akhil/compilers/codeql-compilers-repo/test_dir/build_testing
[E 18:29:44 1813] Command: /home/akhil/compilers/codeql-compilers-repo/codeql-home/codeql/cpp/tools/linux64/extractor --mimic '/usr/bin/x86_64-linux-gnu-g++-9' --version
[E 18:29:44 1813] Within classification loop; exiting.
[T 18:29:44 1811] Extractor terminated with exit code 0.
[T 18:29:44 1814] Reading configuration file /home/akhil/compilers/codeql-compilers-repo/test_dir/build_testing/codeql_db/working/tracing/compiler-tracing9515245928897035771.spec...
[T 18:29:44 1814] ==== Candidate to intercept: /usr/bin/x86_64-linux-gnu-g++-9 (canonical: /usr/bin/x86_64-linux-gnu-g++-9) ====
[T 18:29:44 1814] === Intercepted call to /usr/bin/x86_64-linux-gnu-g++-9 === 
[T 18:29:44 1816] Attempting to switch stdout/stderr to 5...
[T 18:29:44 1816] Reading configuration file /home/akhil/compilers/codeql-compilers-repo/test_dir/build_testing/codeql_db/working/tracing/compiler-tracing9515245928897035771.spec...
[E 18:29:44 1816] CodeQL C/C++ Extractor 1.28.0-SNAPSHOT
[E 18:29:44 1816] Current directory: /home/akhil/compilers/codeql-compilers-repo/test_dir/build_testing
[E 18:29:44 1816] Command: /home/akhil/compilers/codeql-compilers-repo/codeql-home/codeql/cpp/tools/linux64/extractor --mimic '/usr/bin/x86_64-linux-gnu-g++-9' --help
[E 18:29:44 1816] Within classification loop; exiting.
[T 18:29:44 1814] Extractor terminated with exit code 0.
[T 18:29:44 1817] Reading configuration file /home/akhil/compilers/codeql-compilers-repo/test_dir/build_testing/codeql_db/working/tracing/compiler-tracing9515245928897035771.spec...
[T 18:29:44 1817] ==== Candidate to intercept: /usr/bin/x86_64-linux-gnu-g++-9 (canonical: /usr/bin/x86_64-linux-gnu-g++-9) ====
[T 18:29:44 1817] === Intercepted call to /usr/bin/x86_64-linux-gnu-g++-9 === 
[T 18:29:44 1819] Reading configuration file /home/akhil/compilers/codeql-compilers-repo/test_dir/build_testing/codeql_db/working/tracing/compiler-tracing9515245928897035771.spec...
[T 18:29:44 1819] ==== Candidate to intercept: /usr/lib/gcc/x86_64-linux-gnu/9/cc1plus (canonical: /usr/lib/gcc/x86_64-linux-gnu/9/cc1plus) ====
[T 18:29:44 1819] === Intercepted call to /usr/lib/gcc/x86_64-linux-gnu/9/cc1plus === 
[T 18:29:44 1821] Attempting to switch stdout/stderr to 5...
[T 18:29:44 1821] Reading configuration file /home/akhil/compilers/codeql-compilers-repo/test_dir/build_testing/codeql_db/working/tracing/compiler-tracing9515245928897035771.spec...
[E 18:29:44 1821] CodeQL C/C++ Extractor 1.28.0-SNAPSHOT
[E 18:29:44 1821] Current directory: /home/akhil/compilers/codeql-compilers-repo/test_dir/build_testing
[E 18:29:44 1821] Command: /home/akhil/compilers/codeql-compilers-repo/codeql-home/codeql/cpp/tools/linux64/extractor --mimic /usr/lib/gcc/x86_64-linux-gnu/9/cc1plus -quiet -nostdinc -imultiarch x86_64-linux-gnu -D_GNU_SOURCE /home/akhil/compilers/codeql-compilers-repo/test_dir/build_testing/codeql_db/working/tmp//semmle_1_1810_389202semmle-0D54A72C891C4B89888FCE7759D3B8A5.c -quiet -dumpbase semmle_1_1810_389202semmle-0D54A72C891C4B89888FCE7759D3B8A5.c -mtune=generic -march=x86-64 -auxbase-strip /home/akhil/compilers/codeql-compilers-repo/test_dir/build_testing/codeql_db/working/tmp//semmle_2_1810_389212.o -fasynchronous-unwind-tables -fstack-protector-strong -Wformat -Wformat-security -fstack-clash-protection -fcf-protection -o /tmp/ccEipSyD.s
[E 18:29:44 1821] Not a compiler; exiting. Reason: --version stdout was:
[T 18:29:44 1819] Extractor terminated with exit code 0.
[T 18:29:44 1822] Reading configuration file /home/akhil/compilers/codeql-compilers-repo/test_dir/build_testing/codeql_db/working/tracing/compiler-tracing9515245928897035771.spec...
[T 18:29:44 1822] ==== Candidate to intercept: as (canonical: as) ====
[T 18:29:44 1822] Will try to resolve as in path /usr/local/sbin:/usr/local/bin:/usr/sbin:/usr/bin:/sbin:/bin:/usr/games:/usr/local/games:/mnt/c/Program Files/WindowsApps/CanonicalGroupLimited.Ubuntu20.04onWindows_2004.2021.222.0_x64__79rhkp1fndgsc:/mnt/c/Windows/system32:/mnt/c/Windows:/mnt/c/Windows/System32/Wbem:/mnt/c/Windows/System32/WindowsPowerShell/v1.0/:/mnt/c/Windows/System32/OpenSSH/:/mnt/c/Program Files/Microsoft VS Code/bin:/mnt/c/Program Files/MATLAB/R2020b/bin:/mnt/c/Program Files/PuTTY/:/mnt/c/Program Files/Git/cmd:/mnt/c/Users/Bujji/AppData/Local/Microsoft/WindowsApps:/mnt/c/Users/Bujji/AppData/Local/GitHubDesktop/bin:/mnt/c/Users/Bujji/AppData/Local/Programs/Microsoft VS Code/bin:/snap/bin.
[T 18:29:44 1822]  -> path lookup for as as /usr/local/sbin/as...
[T 18:29:44 1822]  -> path lookup for as as /usr/local/bin/as...
[T 18:29:44 1822]  -> path lookup for as as /usr/sbin/as...
[T 18:29:44 1822]  -> path lookup for as as /usr/bin/as...
[T 18:29:44 1822] ==== Candidate to intercept: /usr/bin/as (canonical: /usr/bin/x86_64-linux-gnu-as) ====
[T 18:29:44 1822] Pathname resolved to /usr/bin/as, which does not match a compiler.
[T 18:29:44 1823] Attempting to switch stdout/stderr to 5...
[T 18:29:44 1823] Reading configuration file /home/akhil/compilers/codeql-compilers-repo/test_dir/build_testing/codeql_db/working/tracing/compiler-tracing9515245928897035771.spec...
[E 18:29:44 1823] CodeQL C/C++ Extractor 1.28.0-SNAPSHOT
[E 18:29:44 1823] Current directory: /home/akhil/compilers/codeql-compilers-repo/test_dir/build_testing
[E 18:29:44 1823] Command: /home/akhil/compilers/codeql-compilers-repo/codeql-home/codeql/cpp/tools/linux64/extractor --mimic '/usr/bin/x86_64-linux-gnu-g++-9' -nostdinc -o /home/akhil/compilers/codeql-compilers-repo/test_dir/build_testing/codeql_db/working/tmp//semmle_2_1810_389212.o -c /home/akhil/compilers/codeql-compilers-repo/test_dir/build_testing/codeql_db/working/tmp//semmle_1_1810_389202semmle-0D54A72C891C4B89888FCE7759D3B8A5.c
[E 18:29:44 1823] Within classification loop; exiting.
[T 18:29:44 1817] Extractor terminated with exit code 0.
[T 18:29:44 1824] Reading configuration file /home/akhil/compilers/codeql-compilers-repo/test_dir/build_testing/codeql_db/working/tracing/compiler-tracing9515245928897035771.spec...
[T 18:29:44 1824] ==== Candidate to intercept: /usr/bin/x86_64-linux-gnu-g++-9 (canonical: /usr/bin/x86_64-linux-gnu-g++-9) ====
[T 18:29:44 1824] === Intercepted call to /usr/bin/x86_64-linux-gnu-g++-9 === 
[T 18:29:44 1826] Reading configuration file /home/akhil/compilers/codeql-compilers-repo/test_dir/build_testing/codeql_db/working/tracing/compiler-tracing9515245928897035771.spec...
[T 18:29:44 1826] ==== Candidate to intercept: /usr/lib/gcc/x86_64-linux-gnu/9/cc1plus (canonical: /usr/lib/gcc/x86_64-linux-gnu/9/cc1plus) ====
[T 18:29:44 1826] === Intercepted call to /usr/lib/gcc/x86_64-linux-gnu/9/cc1plus === 
[T 18:29:44 1828] Attempting to switch stdout/stderr to 5...
[T 18:29:44 1828] Reading configuration file /home/akhil/compilers/codeql-compilers-repo/test_dir/build_testing/codeql_db/working/tracing/compiler-tracing9515245928897035771.spec...
[E 18:29:44 1828] CodeQL C/C++ Extractor 1.28.0-SNAPSHOT
[E 18:29:44 1828] Current directory: /home/akhil/compilers/codeql-compilers-repo/test_dir/build_testing
[E 18:29:44 1828] Command: /home/akhil/compilers/codeql-compilers-repo/codeql-home/codeql/cpp/tools/linux64/extractor --mimic /usr/lib/gcc/x86_64-linux-gnu/9/cc1plus -quiet -nostdinc -v -imultiarch x86_64-linux-gnu -D_GNU_SOURCE -iwithprefix 80AD44EC-F542-4CCF-8C9F-328EB87D7D35 /home/akhil/compilers/codeql-compilers-repo/test_dir/build_testing/codeql_db/working/tmp//semmle_1_1810_389202semmle-0D54A72C891C4B89888FCE7759D3B8A5.c -quiet -dumpbase semmle_1_1810_389202semmle-0D54A72C891C4B89888FCE7759D3B8A5.c -mtune=generic -march=x86-64 -auxbase-strip /home/akhil/compilers/codeql-compilers-repo/test_dir/build_testing/codeql_db/working/tmp//semmle_2_1810_389212.o -version -fasynchronous-unwind-tables -fstack-protector-strong -Wformat -Wformat-security -fstack-clash-protection -fcf-protection -o /tmp/ccEB4pfa.s
[E 18:29:44 1828] Not a compiler; exiting. Reason: --version stdout was:
[T 18:29:44 1826] Extractor terminated with exit code 0.
[T 18:29:44 1829] Reading configuration file /home/akhil/compilers/codeql-compilers-repo/test_dir/build_testing/codeql_db/working/tracing/compiler-tracing9515245928897035771.spec...
[T 18:29:44 1829] ==== Candidate to intercept: as (canonical: as) ====
[T 18:29:44 1829] Will try to resolve as in path /usr/local/sbin:/usr/local/bin:/usr/sbin:/usr/bin:/sbin:/bin:/usr/games:/usr/local/games:/mnt/c/Program Files/WindowsApps/CanonicalGroupLimited.Ubuntu20.04onWindows_2004.2021.222.0_x64__79rhkp1fndgsc:/mnt/c/Windows/system32:/mnt/c/Windows:/mnt/c/Windows/System32/Wbem:/mnt/c/Windows/System32/WindowsPowerShell/v1.0/:/mnt/c/Windows/System32/OpenSSH/:/mnt/c/Program Files/Microsoft VS Code/bin:/mnt/c/Program Files/MATLAB/R2020b/bin:/mnt/c/Program Files/PuTTY/:/mnt/c/Program Files/Git/cmd:/mnt/c/Users/Bujji/AppData/Local/Microsoft/WindowsApps:/mnt/c/Users/Bujji/AppData/Local/GitHubDesktop/bin:/mnt/c/Users/Bujji/AppData/Local/Programs/Microsoft VS Code/bin:/snap/bin.
[T 18:29:44 1829]  -> path lookup for as as /usr/local/sbin/as...
[T 18:29:44 1829]  -> path lookup for as as /usr/local/bin/as...
[T 18:29:44 1829]  -> path lookup for as as /usr/sbin/as...
[T 18:29:44 1829]  -> path lookup for as as /usr/bin/as...
[T 18:29:44 1829] ==== Candidate to intercept: /usr/bin/as (canonical: /usr/bin/x86_64-linux-gnu-as) ====
[T 18:29:44 1829] Pathname resolved to /usr/bin/as, which does not match a compiler.
[T 18:29:44 1830] Attempting to switch stdout/stderr to 5...
[T 18:29:44 1830] Reading configuration file /home/akhil/compilers/codeql-compilers-repo/test_dir/build_testing/codeql_db/working/tracing/compiler-tracing9515245928897035771.spec...
[E 18:29:44 1830] CodeQL C/C++ Extractor 1.28.0-SNAPSHOT
[E 18:29:44 1830] Current directory: /home/akhil/compilers/codeql-compilers-repo/test_dir/build_testing
[E 18:29:44 1830] Command: /home/akhil/compilers/codeql-compilers-repo/codeql-home/codeql/cpp/tools/linux64/extractor --mimic '/usr/bin/x86_64-linux-gnu-g++-9' -nostdinc -o /home/akhil/compilers/codeql-compilers-repo/test_dir/build_testing/codeql_db/working/tmp//semmle_2_1810_389212.o -c /home/akhil/compilers/codeql-compilers-repo/test_dir/build_testing/codeql_db/working/tmp//semmle_1_1810_389202semmle-0D54A72C891C4B89888FCE7759D3B8A5.c -v -iwithprefix 80AD44EC-F542-4CCF-8C9F-328EB87D7D35
[E 18:29:44 1830] Within classification loop; exiting.
[T 18:29:44 1824] Extractor terminated with exit code 0.
[T 18:29:44 1831] Reading configuration file /home/akhil/compilers/codeql-compilers-repo/test_dir/build_testing/codeql_db/working/tracing/compiler-tracing9515245928897035771.spec...
[T 18:29:44 1831] ==== Candidate to intercept: /usr/bin/x86_64-linux-gnu-g++-9 (canonical: /usr/bin/x86_64-linux-gnu-g++-9) ====
[T 18:29:44 1831] === Intercepted call to /usr/bin/x86_64-linux-gnu-g++-9 === 
[T 18:29:44 1833] Reading configuration file /home/akhil/compilers/codeql-compilers-repo/test_dir/build_testing/codeql_db/working/tracing/compiler-tracing9515245928897035771.spec...
[T 18:29:44 1833] ==== Candidate to intercept: /usr/lib/gcc/x86_64-linux-gnu/9/cc1plus (canonical: /usr/lib/gcc/x86_64-linux-gnu/9/cc1plus) ====
[T 18:29:44 1833] === Intercepted call to /usr/lib/gcc/x86_64-linux-gnu/9/cc1plus === 
[T 18:29:44 1835] Attempting to switch stdout/stderr to 5...
[T 18:29:44 1835] Reading configuration file /home/akhil/compilers/codeql-compilers-repo/test_dir/build_testing/codeql_db/working/tracing/compiler-tracing9515245928897035771.spec...
[E 18:29:44 1835] CodeQL C/C++ Extractor 1.28.0-SNAPSHOT
[E 18:29:44 1835] Current directory: /home/akhil/compilers/codeql-compilers-repo/test_dir/build_testing
[E 18:29:44 1835] Command: /home/akhil/compilers/codeql-compilers-repo/codeql-home/codeql/cpp/tools/linux64/extractor --mimic /usr/lib/gcc/x86_64-linux-gnu/9/cc1plus -quiet -nostdinc -imultiarch x86_64-linux-gnu -D_GNU_SOURCE /home/akhil/compilers/codeql-compilers-repo/test_dir/build_testing/codeql_db/working/tmp//semmle_4_1810_416025.c -quiet -dumpbase semmle_4_1810_416025.c -mtune=generic -march=x86-64 -auxbase-strip /home/akhil/compilers/codeql-compilers-repo/test_dir/build_testing/codeql_db/working/tmp//semmle_5_1810_416043.o -fasynchronous-unwind-tables -fstack-protector-strong -Wformat -Wformat-security -fstack-clash-protection -fcf-protection -o /tmp/cczJdFnK.s
[E 18:29:44 1835] Not a compiler; exiting. Reason: --version stdout was:
[T 18:29:44 1833] Extractor terminated with exit code 0.
[T 18:29:44 1836] Reading configuration file /home/akhil/compilers/codeql-compilers-repo/test_dir/build_testing/codeql_db/working/tracing/compiler-tracing9515245928897035771.spec...
[T 18:29:44 1836] ==== Candidate to intercept: as (canonical: as) ====
[T 18:29:44 1836] Will try to resolve as in path /usr/local/sbin:/usr/local/bin:/usr/sbin:/usr/bin:/sbin:/bin:/usr/games:/usr/local/games:/mnt/c/Program Files/WindowsApps/CanonicalGroupLimited.Ubuntu20.04onWindows_2004.2021.222.0_x64__79rhkp1fndgsc:/mnt/c/Windows/system32:/mnt/c/Windows:/mnt/c/Windows/System32/Wbem:/mnt/c/Windows/System32/WindowsPowerShell/v1.0/:/mnt/c/Windows/System32/OpenSSH/:/mnt/c/Program Files/Microsoft VS Code/bin:/mnt/c/Program Files/MATLAB/R2020b/bin:/mnt/c/Program Files/PuTTY/:/mnt/c/Program Files/Git/cmd:/mnt/c/Users/Bujji/AppData/Local/Microsoft/WindowsApps:/mnt/c/Users/Bujji/AppData/Local/GitHubDesktop/bin:/mnt/c/Users/Bujji/AppData/Local/Programs/Microsoft VS Code/bin:/snap/bin.
[T 18:29:44 1836]  -> path lookup for as as /usr/local/sbin/as...
[T 18:29:44 1836]  -> path lookup for as as /usr/local/bin/as...
[T 18:29:44 1836]  -> path lookup for as as /usr/sbin/as...
[T 18:29:44 1836]  -> path lookup for as as /usr/bin/as...
[T 18:29:44 1836] ==== Candidate to intercept: /usr/bin/as (canonical: /usr/bin/x86_64-linux-gnu-as) ====
[T 18:29:44 1836] Pathname resolved to /usr/bin/as, which does not match a compiler.
[T 18:29:44 1837] Attempting to switch stdout/stderr to 5...
[T 18:29:44 1837] Reading configuration file /home/akhil/compilers/codeql-compilers-repo/test_dir/build_testing/codeql_db/working/tracing/compiler-tracing9515245928897035771.spec...
[E 18:29:44 1837] CodeQL C/C++ Extractor 1.28.0-SNAPSHOT
[E 18:29:44 1837] Current directory: /home/akhil/compilers/codeql-compilers-repo/test_dir/build_testing
[E 18:29:44 1837] Command: /home/akhil/compilers/codeql-compilers-repo/codeql-home/codeql/cpp/tools/linux64/extractor --mimic '/usr/bin/x86_64-linux-gnu-g++-9' -nostdinc -o /home/akhil/compilers/codeql-compilers-repo/test_dir/build_testing/codeql_db/working/tmp//semmle_5_1810_416043.o -c /home/akhil/compilers/codeql-compilers-repo/test_dir/build_testing/codeql_db/working/tmp//semmle_4_1810_416025.c
[E 18:29:44 1837] Within classification loop; exiting.
[T 18:29:44 1831] Extractor terminated with exit code 0.
[T 18:29:44 1838] Reading configuration file /home/akhil/compilers/codeql-compilers-repo/test_dir/build_testing/codeql_db/working/tracing/compiler-tracing9515245928897035771.spec...
[T 18:29:44 1838] ==== Candidate to intercept: /usr/bin/x86_64-linux-gnu-g++-9 (canonical: /usr/bin/x86_64-linux-gnu-g++-9) ====
[T 18:29:44 1838] === Intercepted call to /usr/bin/x86_64-linux-gnu-g++-9 === 
[T 18:29:44 1840] Reading configuration file /home/akhil/compilers/codeql-compilers-repo/test_dir/build_testing/codeql_db/working/tracing/compiler-tracing9515245928897035771.spec...
[T 18:29:44 1840] ==== Candidate to intercept: /usr/lib/gcc/x86_64-linux-gnu/9/cc1plus (canonical: /usr/lib/gcc/x86_64-linux-gnu/9/cc1plus) ====
[T 18:29:44 1840] === Intercepted call to /usr/lib/gcc/x86_64-linux-gnu/9/cc1plus === 
[T 18:29:44 1842] Attempting to switch stdout/stderr to 5...
[T 18:29:44 1842] Reading configuration file /home/akhil/compilers/codeql-compilers-repo/test_dir/build_testing/codeql_db/working/tracing/compiler-tracing9515245928897035771.spec...
[E 18:29:44 1842] CodeQL C/C++ Extractor 1.28.0-SNAPSHOT
[E 18:29:44 1842] Current directory: /home/akhil/compilers/codeql-compilers-repo/test_dir/build_testing
[E 18:29:44 1842] Command: /home/akhil/compilers/codeql-compilers-repo/codeql-home/codeql/cpp/tools/linux64/extractor --mimic /usr/lib/gcc/x86_64-linux-gnu/9/cc1plus -quiet -v -imultiarch x86_64-linux-gnu -D_GNU_SOURCE /home/akhil/compilers/codeql-compilers-repo/test_dir/build_testing/codeql_db/working/tmp//semmle_7_1810_426503 -quiet -dumpbase semmle_7_1810_426503 -mtune=generic -march=x86-64 -auxbase semmle_7_1810_426503 -version -fsyntax-only -o /dev/null -fasynchronous-unwind-tables -fstack-protector-strong -Wformat -Wformat-security -fstack-clash-protection -fcf-protection
[E 18:29:44 1842] Not a compiler; exiting. Reason: --version stdout was:
[T 18:29:44 1840] Extractor terminated with exit code 0.
[T 18:29:44 1843] Attempting to switch stdout/stderr to 5...
[T 18:29:44 1843] Reading configuration file /home/akhil/compilers/codeql-compilers-repo/test_dir/build_testing/codeql_db/working/tracing/compiler-tracing9515245928897035771.spec...
[E 18:29:44 1843] CodeQL C/C++ Extractor 1.28.0-SNAPSHOT
[E 18:29:44 1843] Current directory: /home/akhil/compilers/codeql-compilers-repo/test_dir/build_testing
[E 18:29:44 1843] Command: /home/akhil/compilers/codeql-compilers-repo/codeql-home/codeql/cpp/tools/linux64/extractor --mimic '/usr/bin/x86_64-linux-gnu-g++-9' -x 'c++' -v -fsyntax-only /home/akhil/compilers/codeql-compilers-repo/test_dir/build_testing/codeql_db/working/tmp//semmle_7_1810_426503
[E 18:29:44 1843] Within classification loop; exiting.
[T 18:29:44 1838] Extractor terminated with exit code 0.
[T 18:29:44 1844] Reading configuration file /home/akhil/compilers/codeql-compilers-repo/test_dir/build_testing/codeql_db/working/tracing/compiler-tracing9515245928897035771.spec...
[T 18:29:44 1844] ==== Candidate to intercept: /usr/bin/x86_64-linux-gnu-g++-9 (canonical: /usr/bin/x86_64-linux-gnu-g++-9) ====
[T 18:29:44 1844] === Intercepted call to /usr/bin/x86_64-linux-gnu-g++-9 === 
[T 18:29:44 1846] Reading configuration file /home/akhil/compilers/codeql-compilers-repo/test_dir/build_testing/codeql_db/working/tracing/compiler-tracing9515245928897035771.spec...
[T 18:29:44 1846] ==== Candidate to intercept: /usr/lib/gcc/x86_64-linux-gnu/9/cc1plus (canonical: /usr/lib/gcc/x86_64-linux-gnu/9/cc1plus) ====
[T 18:29:44 1846] === Intercepted call to /usr/lib/gcc/x86_64-linux-gnu/9/cc1plus === 
[T 18:29:44 1848] Attempting to switch stdout/stderr to 5...
[T 18:29:44 1848] Reading configuration file /home/akhil/compilers/codeql-compilers-repo/test_dir/build_testing/codeql_db/working/tracing/compiler-tracing9515245928897035771.spec...
[E 18:29:44 1848] CodeQL C/C++ Extractor 1.28.0-SNAPSHOT
[E 18:29:44 1848] Current directory: /home/akhil/compilers/codeql-compilers-repo/test_dir/build_testing
[E 18:29:44 1848] Command: /home/akhil/compilers/codeql-compilers-repo/codeql-home/codeql/cpp/tools/linux64/extractor --mimic /usr/lib/gcc/x86_64-linux-gnu/9/cc1plus -E -quiet -imultiarch x86_64-linux-gnu -D_GNU_SOURCE /home/akhil/compilers/codeql-compilers-repo/test_dir/build_testing/codeql_db/working/tmp//semmle_8_1810_434795 -mtune=generic -march=x86-64 -fasynchronous-unwind-tables -fstack-protector-strong -Wformat -Wformat-security -fstack-clash-protection -fcf-protection -dM
[E 18:29:44 1848] Not a compiler; exiting. Reason: --version stdout was:
[T 18:29:44 1846] Extractor terminated with exit code 0.
[T 18:29:44 1849] Attempting to switch stdout/stderr to 5...
[T 18:29:44 1849] Reading configuration file /home/akhil/compilers/codeql-compilers-repo/test_dir/build_testing/codeql_db/working/tracing/compiler-tracing9515245928897035771.spec...
[E 18:29:44 1849] CodeQL C/C++ Extractor 1.28.0-SNAPSHOT
[E 18:29:44 1849] Current directory: /home/akhil/compilers/codeql-compilers-repo/test_dir/build_testing
[E 18:29:44 1849] Command: /home/akhil/compilers/codeql-compilers-repo/codeql-home/codeql/cpp/tools/linux64/extractor --mimic '/usr/bin/x86_64-linux-gnu-g++-9' -x 'c++' -E -dM /home/akhil/compilers/codeql-compilers-repo/test_dir/build_testing/codeql_db/working/tmp//semmle_8_1810_434795
[E 18:29:44 1849] Within classification loop; exiting.
[T 18:29:44 1844] Extractor terminated with exit code 0.
[T 18:29:44 1850] Reading configuration file /home/akhil/compilers/codeql-compilers-repo/test_dir/build_testing/codeql_db/working/tracing/compiler-tracing9515245928897035771.spec...
[T 18:29:44 1850] ==== Candidate to intercept: /usr/bin/x86_64-linux-gnu-g++-9 (canonical: /usr/bin/x86_64-linux-gnu-g++-9) ====
[T 18:29:44 1850] === Intercepted call to /usr/bin/x86_64-linux-gnu-g++-9 === 
[T 18:29:44 1852] Reading configuration file /home/akhil/compilers/codeql-compilers-repo/test_dir/build_testing/codeql_db/working/tracing/compiler-tracing9515245928897035771.spec...
[T 18:29:44 1852] ==== Candidate to intercept: /usr/lib/gcc/x86_64-linux-gnu/9/cc1plus (canonical: /usr/lib/gcc/x86_64-linux-gnu/9/cc1plus) ====
[T 18:29:44 1852] === Intercepted call to /usr/lib/gcc/x86_64-linux-gnu/9/cc1plus === 
[T 18:29:44 1854] Attempting to switch stdout/stderr to 5...
[T 18:29:44 1854] Reading configuration file /home/akhil/compilers/codeql-compilers-repo/test_dir/build_testing/codeql_db/working/tracing/compiler-tracing9515245928897035771.spec...
[E 18:29:44 1854] CodeQL C/C++ Extractor 1.28.0-SNAPSHOT
[E 18:29:44 1854] Current directory: /home/akhil/compilers/codeql-compilers-repo/test_dir/build_testing
[E 18:29:44 1854] Command: /home/akhil/compilers/codeql-compilers-repo/codeql-home/codeql/cpp/tools/linux64/extractor --mimic /usr/lib/gcc/x86_64-linux-gnu/9/cc1plus -quiet -imultiarch x86_64-linux-gnu -D_GNU_SOURCE /home/akhil/compilers/codeql-compilers-repo/test_dir/build_testing/codeql_db/working/tmp//semmle_9_1810_441363.h -quiet -dumpbase semmle_9_1810_441363.h -mtune=generic -march=x86-64 -auxbase semmle_9_1810_441363 -Wreturn-type -fmax-errors=0 -fasynchronous-unwind-tables -fstack-protector-strong -Wformat -Wformat-security -fstack-clash-protection -fcf-protection -o /tmp/ccou5qpb.s --output-pch= /home/akhil/compilers/codeql-compilers-repo/test_dir/build_testing/codeql_db/working/tmp//semmle_9_1810_441363.h.gch
[E 18:29:44 1854] Not a compiler; exiting. Reason: --version stdout was:
[T 18:29:44 1852] Extractor terminated with exit code 0.
[T 18:29:44 1855] Attempting to switch stdout/stderr to 5...
[T 18:29:44 1855] Reading configuration file /home/akhil/compilers/codeql-compilers-repo/test_dir/build_testing/codeql_db/working/tracing/compiler-tracing9515245928897035771.spec...
[E 18:29:44 1855] CodeQL C/C++ Extractor 1.28.0-SNAPSHOT
[E 18:29:44 1855] Current directory: /home/akhil/compilers/codeql-compilers-repo/test_dir/build_testing
[E 18:29:44 1855] Command: /home/akhil/compilers/codeql-compilers-repo/codeql-home/codeql/cpp/tools/linux64/extractor --mimic '/usr/bin/x86_64-linux-gnu-g++-9' -x 'c++-header' -fmax-errors=0 -Wreturn-type -o /home/akhil/compilers/codeql-compilers-repo/test_dir/build_testing/codeql_db/working/tmp//semmle_9_1810_441363.h.gch /home/akhil/compilers/codeql-compilers-repo/test_dir/build_testing/codeql_db/working/tmp//semmle_9_1810_441363.h
[E 18:29:44 1855] Within classification loop; exiting.
[T 18:29:44 1850] Extractor terminated with exit code 0.
[T 18:29:44 1856] Reading configuration file /home/akhil/compilers/codeql-compilers-repo/test_dir/build_testing/codeql_db/working/tracing/compiler-tracing9515245928897035771.spec...
[T 18:29:44 1856] ==== Candidate to intercept: /usr/bin/x86_64-linux-gnu-g++-9 (canonical: /usr/bin/x86_64-linux-gnu-g++-9) ====
[T 18:29:44 1856] === Intercepted call to /usr/bin/x86_64-linux-gnu-g++-9 === 
[T 18:29:44 1858] Reading configuration file /home/akhil/compilers/codeql-compilers-repo/test_dir/build_testing/codeql_db/working/tracing/compiler-tracing9515245928897035771.spec...
[T 18:29:44 1858] ==== Candidate to intercept: /usr/lib/gcc/x86_64-linux-gnu/9/cc1plus (canonical: /usr/lib/gcc/x86_64-linux-gnu/9/cc1plus) ====
[T 18:29:44 1858] === Intercepted call to /usr/lib/gcc/x86_64-linux-gnu/9/cc1plus === 
[T 18:29:44 1860] Attempting to switch stdout/stderr to 5...
[T 18:29:44 1860] Reading configuration file /home/akhil/compilers/codeql-compilers-repo/test_dir/build_testing/codeql_db/working/tracing/compiler-tracing9515245928897035771.spec...
[E 18:29:44 1860] CodeQL C/C++ Extractor 1.28.0-SNAPSHOT
[E 18:29:44 1860] Current directory: /home/akhil/compilers/codeql-compilers-repo/test_dir/build_testing
[E 18:29:44 1860] Command: /home/akhil/compilers/codeql-compilers-repo/codeql-home/codeql/cpp/tools/linux64/extractor --mimic /usr/lib/gcc/x86_64-linux-gnu/9/cc1plus -quiet -imultiarch x86_64-linux-gnu -D_GNU_SOURCE - -quiet -dumpbase - -mtune=generic -march=x86-64 -auxbase - -Wreturn-type -fmax-errors=0 -fasynchronous-unwind-tables -fstack-protector-strong -Wformat -Wformat-security -fstack-clash-protection -fcf-protection -o /tmp/cck6sIbA.s
[E 18:29:44 1860] Not a compiler; exiting. Reason: --version stdout was:
[T 18:29:44 1858] Extractor terminated with exit code 0.
[T 18:29:44 1861] Attempting to switch stdout/stderr to 5...
[T 18:29:44 1861] Reading configuration file /home/akhil/compilers/codeql-compilers-repo/test_dir/build_testing/codeql_db/working/tracing/compiler-tracing9515245928897035771.spec...
[E 18:29:44 1861] CodeQL C/C++ Extractor 1.28.0-SNAPSHOT
[E 18:29:44 1861] Current directory: /home/akhil/compilers/codeql-compilers-repo/test_dir/build_testing
[E 18:29:44 1861] Command: /home/akhil/compilers/codeql-compilers-repo/codeql-home/codeql/cpp/tools/linux64/extractor --mimic '/usr/bin/x86_64-linux-gnu-g++-9' -x 'c++' -fmax-errors=0 -Wreturn-type -o /home/akhil/compilers/codeql-compilers-repo/test_dir/build_testing/codeql_db/working/tmp//semmle_9_1810_441363.h.gch -
[E 18:29:44 1861] Within classification loop; exiting.
[T 18:29:44 1856] Extractor terminated with exit code 0.
Warning: Could not parse function type 'constexpr int __integer_pack(int)'
Warning: Failed to find information about possible built-in _Exit
Warning: Failed to find information about possible built-in _FUN
Warning: Failed to find information about possible built-in _GLOBAL__N_1
Warning: Failed to find information about possible built-in _Pragma
Warning: Failed to find information about possible built-in _Unwind_Resume
Warning: Failed to find information about possible built-in _Unwind_SjLj_Register
Warning: Failed to find information about possible built-in _Unwind_SjLj_Unregister
Warning: Failed to find information about possible built-in __VA_OPT__
Warning: Failed to find information about possible built-in __atomic_add_fetch
Warning: Failed to find information about possible built-in __atomic_and_fetch
Warning: Failed to find information about possible built-in __atomic_compare_exchange_n
Warning: Failed to find information about possible built-in __atomic_exchange_n
Warning: Failed to find information about possible built-in __atomic_fetch_add
Warning: Failed to find information about possible built-in __atomic_fetch_and
Warning: Failed to find information about possible built-in __atomic_fetch_nand
Warning: Failed to find information about possible built-in __atomic_fetch_or
Warning: Failed to find information about possible built-in __atomic_fetch_sub
Warning: Failed to find information about possible built-in __atomic_fetch_xor
Warning: Failed to find information about possible built-in __atomic_load_n
Warning: Failed to find information about possible built-in __atomic_nand_fetch
Warning: Failed to find information about possible built-in __atomic_or_fetch
Warning: Failed to find information about possible built-in __atomic_store_n
Warning: Failed to find information about possible built-in __atomic_sub_fetch
Warning: Failed to find information about possible built-in __atomic_xor_fetch
Warning: Failed to find information about possible built-in __builtin_add_overflow
Warning: Failed to find information about possible built-in __builtin_add_overflow_p
Warning: Failed to find information about possible built-in __builtin_aggregate_incoming_address
Warning: Failed to find information about possible built-in __builtin_apply_args
Warning: Failed to find information about possible built-in __builtin_assume_aligned
Warning: Failed to find information about possible built-in __builtin_classify_type
Warning: Failed to find information about possible built-in __builtin_constant_p
Warning: Failed to find information about possible built-in __builtin_eh_return
Warning: Failed to find information about possible built-in __builtin_eh_return_data_regno
Warning: Failed to find information about possible built-in __builtin_fpclassify
Warning: Failed to find information about possible built-in __builtin_ia32_addpd
Warning: Failed to find information about possible built-in __builtin_ia32_addps
Warning: Failed to find information about possible built-in __builtin_ia32_addsd
Warning: Failed to find information about possible built-in __builtin_ia32_addss
Warning: Failed to find information about possible built-in __builtin_ia32_aesdec128
Warning: Failed to find information about possible built-in __builtin_ia32_aesdeclast128
Warning: Failed to find information about possible built-in __builtin_ia32_aesenc128
Warning: Failed to find information about possible built-in __builtin_ia32_aesenclast128
Warning: Failed to find information about possible built-in __builtin_ia32_aesimc128
Warning: Failed to find information about possible built-in __builtin_ia32_aeskeygenassist128
Warning: Failed to find information about possible built-in __builtin_ia32_andnpd
Warning: Failed to find information about possible built-in __builtin_ia32_andnps
Warning: Failed to find information about possible built-in __builtin_ia32_andpd
Warning: Failed to find information about possible built-in __builtin_ia32_andps
Warning: Failed to find information about possible built-in __builtin_ia32_cmpeqpd
Warning: Failed to find information about possible built-in __builtin_ia32_cmpeqps
Warning: Failed to find information about possible built-in __builtin_ia32_cmpeqsd
Warning: Failed to find information about possible built-in __builtin_ia32_cmpeqss
Warning: Failed to find information about possible built-in __builtin_ia32_cmpgepd
Warning: Failed to find information about possible built-in __builtin_ia32_cmpgeps
Warning: Failed to find information about possible built-in __builtin_ia32_cmpgtpd
Warning: Failed to find information about possible built-in __builtin_ia32_cmpgtps
Warning: Failed to find information about possible built-in __builtin_ia32_cmplepd
Warning: Failed to find information about possible built-in __builtin_ia32_cmpleps
Warning: Failed to find information about possible built-in __builtin_ia32_cmplesd
Warning: Failed to find information about possible built-in __builtin_ia32_cmpless
Warning: Failed to find information about possible built-in __builtin_ia32_cmpltpd
Warning: Failed to find information about possible built-in __builtin_ia32_cmpltps
Warning: Failed to find information about possible built-in __builtin_ia32_cmpltsd
Warning: Failed to find information about possible built-in __builtin_ia32_cmpltss
Warning: Failed to find information about possible built-in __builtin_ia32_cmpneqpd
Warning: Failed to find information about possible built-in __builtin_ia32_cmpneqps
Warning: Failed to find information about possible built-in __builtin_ia32_cmpneqsd
Warning: Failed to find information about possible built-in __builtin_ia32_cmpneqss
Warning: Failed to find information about possible built-in __builtin_ia32_cmpngepd
Warning: Failed to find information about possible built-in __builtin_ia32_cmpngeps
Warning: Failed to find information about possible built-in __builtin_ia32_cmpngtpd
Warning: Failed to find information about possible built-in __builtin_ia32_cmpngtps
Warning: Failed to find information about possible built-in __builtin_ia32_cmpnlepd
Warning: Failed to find information about possible built-in __builtin_ia32_cmpnleps
Warning: Failed to find information about possible built-in __builtin_ia32_cmpnlesd
Warning: Failed to find information about possible built-in __builtin_ia32_cmpnless
Warning: Failed to find information about possible built-in __builtin_ia32_cmpnltpd
Warning: Failed to find information about possible built-in __builtin_ia32_cmpnltps
Warning: Failed to find information about possible built-in __builtin_ia32_cmpnltsd
Warning: Failed to find information about possible built-in __builtin_ia32_cmpnltss
Warning: Failed to find information about possible built-in __builtin_ia32_cmpordpd
Warning: Failed to find information about possible built-in __builtin_ia32_cmpordps
Warning: Failed to find information about possible built-in __builtin_ia32_cmpordsd
Warning: Failed to find information about possible built-in __builtin_ia32_cmpordss
Warning: Failed to find information about possible built-in __builtin_ia32_cmpunordpd
Warning: Failed to find information about possible built-in __builtin_ia32_cmpunordps
Warning: Failed to find information about possible built-in __builtin_ia32_cmpunordsd
Warning: Failed to find information about possible built-in __builtin_ia32_cmpunordss
Warning: Failed to find information about possible built-in __builtin_ia32_comieq
Warning: Failed to find information about possible built-in __builtin_ia32_comige
Warning: Failed to find information about possible built-in __builtin_ia32_comigt
Warning: Failed to find information about possible built-in __builtin_ia32_comile
Warning: Failed to find information about possible built-in __builtin_ia32_comilt
Warning: Failed to find information about possible built-in __builtin_ia32_comineq
Warning: Failed to find information about possible built-in __builtin_ia32_comisdeq
Warning: Failed to find information about possible built-in __builtin_ia32_comisdge
Warning: Failed to find information about possible built-in __builtin_ia32_comisdgt
Warning: Failed to find information about possible built-in __builtin_ia32_comisdle
Warning: Failed to find information about possible built-in __builtin_ia32_comisdlt
Warning: Failed to find information about possible built-in __builtin_ia32_comisdneq
Warning: Failed to find information about possible built-in __builtin_ia32_copysignpd
Warning: Failed to find information about possible built-in __builtin_ia32_copysignps
Warning: Failed to find information about possible built-in __builtin_ia32_cvtdq2pd
Warning: Failed to find information about possible built-in __builtin_ia32_cvtdq2ps
Warning: Failed to find information about possible built-in __builtin_ia32_cvtpd2dq
Warning: Failed to find information about possible built-in __builtin_ia32_cvtpd2pi
Warning: Failed to find information about possible built-in __builtin_ia32_cvtpd2ps
Warning: Failed to find information about possible built-in __builtin_ia32_cvtpi2pd
Warning: Failed to find information about possible built-in __builtin_ia32_cvtpi2ps
Warning: Failed to find information about possible built-in __builtin_ia32_cvtps2dq
Warning: Failed to find information about possible built-in __builtin_ia32_cvtps2pd
Warning: Failed to find information about possible built-in __builtin_ia32_cvtps2pi
Warning: Failed to find information about possible built-in __builtin_ia32_cvtsd2si
Warning: Failed to find information about possible built-in __builtin_ia32_cvtsd2si64
Warning: Failed to find information about possible built-in __builtin_ia32_cvtsd2ss
Warning: Failed to find information about possible built-in __builtin_ia32_cvtsi2sd
Warning: Failed to find information about possible built-in __builtin_ia32_cvtsi2ss
Warning: Failed to find information about possible built-in __builtin_ia32_cvtsi642sd
Warning: Failed to find information about possible built-in __builtin_ia32_cvtsi642ss
Warning: Failed to find information about possible built-in __builtin_ia32_cvtss2sd
Warning: Failed to find information about possible built-in __builtin_ia32_cvtss2si
Warning: Failed to find information about possible built-in __builtin_ia32_cvtss2si64
Warning: Failed to find information about possible built-in __builtin_ia32_cvttpd2dq
Warning: Failed to find information about possible built-in __builtin_ia32_cvttpd2pi
Warning: Failed to find information about possible built-in __builtin_ia32_cvttps2dq
Warning: Failed to find information about possible built-in __builtin_ia32_cvttps2pi
Warning: Failed to find information about possible built-in __builtin_ia32_cvttsd2si
Warning: Failed to find information about possible built-in __builtin_ia32_cvttsd2si64
Warning: Failed to find information about possible built-in __builtin_ia32_cvttss2si
Warning: Failed to find information about possible built-in __builtin_ia32_cvttss2si64
Warning: Failed to find information about possible built-in __builtin_ia32_divpd
Warning: Failed to find information about possible built-in __builtin_ia32_divps
Warning: Failed to find information about possible built-in __builtin_ia32_divsd
Warning: Failed to find information about possible built-in __builtin_ia32_divss
Warning: Failed to find information about possible built-in __builtin_ia32_loadhpd
Warning: Failed to find information about possible built-in __builtin_ia32_loadhps
Warning: Failed to find information about possible built-in __builtin_ia32_loadlpd
Warning: Failed to find information about possible built-in __builtin_ia32_loadlps
Warning: Failed to find information about possible built-in __builtin_ia32_maskmovdqu
Warning: Failed to find information about possible built-in __builtin_ia32_maskmovq
Warning: Failed to find information about possible built-in __builtin_ia32_maxpd
Warning: Failed to find information about possible built-in __builtin_ia32_maxps
Warning: Failed to find information about possible built-in __builtin_ia32_maxsd
Warning: Failed to find information about possible built-in __builtin_ia32_maxss
Warning: Failed to find information about possible built-in __builtin_ia32_minpd
Warning: Failed to find information about possible built-in __builtin_ia32_minps
Warning: Failed to find information about possible built-in __builtin_ia32_minsd
Warning: Failed to find information about possible built-in __builtin_ia32_minss
Warning: Failed to find information about possible built-in __builtin_ia32_movhlps
Warning: Failed to find information about possible built-in __builtin_ia32_movlhps
Warning: Failed to find information about possible built-in __builtin_ia32_movmskpd
Warning: Failed to find information about possible built-in __builtin_ia32_movmskps
Warning: Failed to find information about possible built-in __builtin_ia32_movntdq
Warning: Failed to find information about possible built-in __builtin_ia32_movntpd
Warning: Failed to find information about possible built-in __builtin_ia32_movntps
Warning: Failed to find information about possible built-in __builtin_ia32_movq128
Warning: Failed to find information about possible built-in __builtin_ia32_movsd
Warning: Failed to find information about possible built-in __builtin_ia32_movss
Warning: Failed to find information about possible built-in __builtin_ia32_mulpd
Warning: Failed to find information about possible built-in __builtin_ia32_mulps
Warning: Failed to find information about possible built-in __builtin_ia32_mulsd
Warning: Failed to find information about possible built-in __builtin_ia32_mulss
Warning: Failed to find information about possible built-in __builtin_ia32_orpd
Warning: Failed to find information about possible built-in __builtin_ia32_orps
Warning: Failed to find information about possible built-in __builtin_ia32_pabsb
Warning: Failed to find information about possible built-in __builtin_ia32_pabsd
Warning: Failed to find information about possible built-in __builtin_ia32_pabsw
Warning: Failed to find information about possible built-in __builtin_ia32_packssdw
Warning: Failed to find information about possible built-in __builtin_ia32_packssdw128
Warning: Failed to find information about possible built-in __builtin_ia32_packsswb
Warning: Failed to find information about possible built-in __builtin_ia32_packsswb128
Warning: Failed to find information about possible built-in __builtin_ia32_packuswb
Warning: Failed to find information about possible built-in __builtin_ia32_packuswb128
Warning: Failed to find information about possible built-in __builtin_ia32_paddb
Warning: Failed to find information about possible built-in __builtin_ia32_paddb128
Warning: Failed to find information about possible built-in __builtin_ia32_paddd
Warning: Failed to find information about possible built-in __builtin_ia32_paddd128
Warning: Failed to find information about possible built-in __builtin_ia32_paddq
Warning: Failed to find information about possible built-in __builtin_ia32_paddq128
Warning: Failed to find information about possible built-in __builtin_ia32_paddsb
Warning: Failed to find information about possible built-in __builtin_ia32_paddsb128
Warning: Failed to find information about possible built-in __builtin_ia32_paddsw
Warning: Failed to find information about possible built-in __builtin_ia32_paddsw128
Warning: Failed to find information about possible built-in __builtin_ia32_paddusb
Warning: Failed to find information about possible built-in __builtin_ia32_paddusb128
Warning: Failed to find information about possible built-in __builtin_ia32_paddusw
Warning: Failed to find information about possible built-in __builtin_ia32_paddusw128
Warning: Failed to find information about possible built-in __builtin_ia32_paddw
Warning: Failed to find information about possible built-in __builtin_ia32_paddw128
Warning: Failed to find information about possible built-in __builtin_ia32_palignr
Warning: Failed to find information about possible built-in __builtin_ia32_pand
Warning: Failed to find information about possible built-in __builtin_ia32_pand128
Warning: Failed to find information about possible built-in __builtin_ia32_pandn
Warning: Failed to find information about possible built-in __builtin_ia32_pandn128
Warning: Failed to find information about possible built-in __builtin_ia32_pavgb
Warning: Failed to find information about possible built-in __builtin_ia32_pavgb128
Warning: Failed to find information about possible built-in __builtin_ia32_pavgw
Warning: Failed to find information about possible built-in __builtin_ia32_pavgw128
Warning: Failed to find information about possible built-in __builtin_ia32_pclmulqdq128
Warning: Failed to find information about possible built-in __builtin_ia32_pcmpeqb
Warning: Failed to find information about possible built-in __builtin_ia32_pcmpeqb128
Warning: Failed to find information about possible built-in __builtin_ia32_pcmpeqd
Warning: Failed to find information about possible built-in __builtin_ia32_pcmpeqd128
Warning: Failed to find information about possible built-in __builtin_ia32_pcmpeqw
Warning: Failed to find information about possible built-in __builtin_ia32_pcmpeqw128
Warning: Failed to find information about possible built-in __builtin_ia32_pcmpgtb
Warning: Failed to find information about possible built-in __builtin_ia32_pcmpgtb128
Warning: Failed to find information about possible built-in __builtin_ia32_pcmpgtd
Warning: Failed to find information about possible built-in __builtin_ia32_pcmpgtd128
Warning: Failed to find information about possible built-in __builtin_ia32_pcmpgtw
Warning: Failed to find information about possible built-in __builtin_ia32_pcmpgtw128
Warning: Failed to find information about possible built-in __builtin_ia32_phaddd
Warning: Failed to find information about possible built-in __builtin_ia32_phaddsw
Warning: Failed to find information about possible built-in __builtin_ia32_phaddw
Warning: Failed to find information about possible built-in __builtin_ia32_phsubd
Warning: Failed to find information about possible built-in __builtin_ia32_phsubsw
Warning: Failed to find information about possible built-in __builtin_ia32_phsubw
Warning: Failed to find information about possible built-in __builtin_ia32_pmaddubsw
Warning: Failed to find information about possible built-in __builtin_ia32_pmaddwd
Warning: Failed to find information about possible built-in __builtin_ia32_pmaddwd128
Warning: Failed to find information about possible built-in __builtin_ia32_pmaxsw
Warning: Failed to find information about possible built-in __builtin_ia32_pmaxsw128
Warning: Failed to find information about possible built-in __builtin_ia32_pmaxub
Warning: Failed to find information about possible built-in __builtin_ia32_pmaxub128
Warning: Failed to find information about possible built-in __builtin_ia32_pminsw
Warning: Failed to find information about possible built-in __builtin_ia32_pminsw128
Warning: Failed to find information about possible built-in __builtin_ia32_pminub
Warning: Failed to find information about possible built-in __builtin_ia32_pminub128
Warning: Failed to find information about possible built-in __builtin_ia32_pmovmskb
Warning: Failed to find information about possible built-in __builtin_ia32_pmovmskb128
Warning: Failed to find information about possible built-in __builtin_ia32_pmulhrsw
Warning: Failed to find information about possible built-in __builtin_ia32_pmulhuw
Warning: Failed to find information about possible built-in __builtin_ia32_pmulhuw128
Warning: Failed to find information about possible built-in __builtin_ia32_pmulhw
Warning: Failed to find information about possible built-in __builtin_ia32_pmulhw128
Warning: Failed to find information about possible built-in __builtin_ia32_pmullw
Warning: Failed to find information about possible built-in __builtin_ia32_pmullw128
Warning: Failed to find information about possible built-in __builtin_ia32_pmuludq
Warning: Failed to find information about possible built-in __builtin_ia32_pmuludq128
Warning: Failed to find information about possible built-in __builtin_ia32_por
Warning: Failed to find information about possible built-in __builtin_ia32_por128
Warning: Failed to find information about possible built-in __builtin_ia32_psadbw
Warning: Failed to find information about possible built-in __builtin_ia32_psadbw128
Warning: Failed to find information about possible built-in __builtin_ia32_pshufb
Warning: Failed to find information about possible built-in __builtin_ia32_pshufd
Warning: Failed to find information about possible built-in __builtin_ia32_pshufhw
Warning: Failed to find information about possible built-in __builtin_ia32_pshuflw
Warning: Failed to find information about possible built-in __builtin_ia32_pshufw
Warning: Failed to find information about possible built-in __builtin_ia32_psignb
Warning: Failed to find information about possible built-in __builtin_ia32_psignd
Warning: Failed to find information about possible built-in __builtin_ia32_psignw
Warning: Failed to find information about possible built-in __builtin_ia32_pslld
Warning: Failed to find information about possible built-in __builtin_ia32_pslld128
Warning: Failed to find information about possible built-in __builtin_ia32_pslldi
Warning: Failed to find information about possible built-in __builtin_ia32_pslldi128
Warning: Failed to find information about possible built-in __builtin_ia32_pslldqi128
Warning: Failed to find information about possible built-in __builtin_ia32_psllq
Warning: Failed to find information about possible built-in __builtin_ia32_psllq128
Warning: Failed to find information about possible built-in __builtin_ia32_psllqi
Warning: Failed to find information about possible built-in __builtin_ia32_psllqi128
Warning: Failed to find information about possible built-in __builtin_ia32_psllw
Warning: Failed to find information about possible built-in __builtin_ia32_psllw128
Warning: Failed to find information about possible built-in __builtin_ia32_psllwi
Warning: Failed to find information about possible built-in __builtin_ia32_psllwi128
Warning: Failed to find information about possible built-in __builtin_ia32_psrad
Warning: Failed to find information about possible built-in __builtin_ia32_psrad128
Warning: Failed to find information about possible built-in __builtin_ia32_psradi
Warning: Failed to find information about possible built-in __builtin_ia32_psradi128
Warning: Failed to find information about possible built-in __builtin_ia32_psraw
Warning: Failed to find information about possible built-in __builtin_ia32_psraw128
Warning: Failed to find information about possible built-in __builtin_ia32_psrawi
Warning: Failed to find information about possible built-in __builtin_ia32_psrawi128
Warning: Failed to find information about possible built-in __builtin_ia32_psrld
Warning: Failed to find information about possible built-in __builtin_ia32_psrld128
Warning: Failed to find information about possible built-in __builtin_ia32_psrldi
Warning: Failed to find information about possible built-in __builtin_ia32_psrldi128
Warning: Failed to find information about possible built-in __builtin_ia32_psrldqi128
Warning: Failed to find information about possible built-in __builtin_ia32_psrlq
Warning: Failed to find information about possible built-in __builtin_ia32_psrlq128
Warning: Failed to find information about possible built-in __builtin_ia32_psrlqi
Warning: Failed to find information about possible built-in __builtin_ia32_psrlqi128
Warning: Failed to find information about possible built-in __builtin_ia32_psrlw
Warning: Failed to find information about possible built-in __builtin_ia32_psrlw128
Warning: Failed to find information about possible built-in __builtin_ia32_psrlwi
Warning: Failed to find information about possible built-in __builtin_ia32_psrlwi128
Warning: Failed to find information about possible built-in __builtin_ia32_psubb
Warning: Failed to find information about possible built-in __builtin_ia32_psubb128
Warning: Failed to find information about possible built-in __builtin_ia32_psubd
Warning: Failed to find information about possible built-in __builtin_ia32_psubd128
Warning: Failed to find information about possible built-in __builtin_ia32_psubq
Warning: Failed to find information about possible built-in __builtin_ia32_psubq128
Warning: Failed to find information about possible built-in __builtin_ia32_psubsb
Warning: Failed to find information about possible built-in __builtin_ia32_psubsb128
Warning: Failed to find information about possible built-in __builtin_ia32_psubsw
Warning: Failed to find information about possible built-in __builtin_ia32_psubsw128
Warning: Failed to find information about possible built-in __builtin_ia32_psubusb
Warning: Failed to find information about possible built-in __builtin_ia32_psubusb128
Warning: Failed to find information about possible built-in __builtin_ia32_psubusw
Warning: Failed to find information about possible built-in __builtin_ia32_psubusw128
Warning: Failed to find information about possible built-in __builtin_ia32_psubw
Warning: Failed to find information about possible built-in __builtin_ia32_psubw128
Warning: Failed to find information about possible built-in __builtin_ia32_punpckhbw
Warning: Failed to find information about possible built-in __builtin_ia32_punpckhbw128
Warning: Failed to find information about possible built-in __builtin_ia32_punpckhdq
Warning: Failed to find information about possible built-in __builtin_ia32_punpckhdq128
Warning: Failed to find information about possible built-in __builtin_ia32_punpckhqdq128
Warning: Failed to find information about possible built-in __builtin_ia32_punpckhwd
Warning: Failed to find information about possible built-in __builtin_ia32_punpckhwd128
Warning: Failed to find information about possible built-in __builtin_ia32_punpcklbw
Warning: Failed to find information about possible built-in __builtin_ia32_punpcklbw128
Warning: Failed to find information about possible built-in __builtin_ia32_punpckldq
Warning: Failed to find information about possible built-in __builtin_ia32_punpckldq128
Warning: Failed to find information about possible built-in __builtin_ia32_punpcklqdq128
Warning: Failed to find information about possible built-in __builtin_ia32_punpcklwd
Warning: Failed to find information about possible built-in __builtin_ia32_punpcklwd128
Warning: Failed to find information about possible built-in __builtin_ia32_pxor
Warning: Failed to find information about possible built-in __builtin_ia32_pxor128
Warning: Failed to find information about possible built-in __builtin_ia32_rcpps
Warning: Failed to find information about possible built-in __builtin_ia32_rcpss
Warning: Failed to find information about possible built-in __builtin_ia32_rsqrtps
Warning: Failed to find information about possible built-in __builtin_ia32_rsqrtps_nr
Warning: Failed to find information about possible built-in __builtin_ia32_rsqrtss
Warning: Failed to find information about possible built-in __builtin_ia32_shufpd
Warning: Failed to find information about possible built-in __builtin_ia32_shufps
Warning: Failed to find information about possible built-in __builtin_ia32_sqrtpd
Warning: Failed to find information about possible built-in __builtin_ia32_sqrtps
Warning: Failed to find information about possible built-in __builtin_ia32_sqrtps_nr
Warning: Failed to find information about possible built-in __builtin_ia32_sqrtsd
Warning: Failed to find information about possible built-in __builtin_ia32_sqrtss
Warning: Failed to find information about possible built-in __builtin_ia32_storedqu
Warning: Failed to find information about possible built-in __builtin_ia32_storehps
Warning: Failed to find information about possible built-in __builtin_ia32_storelps
Warning: Failed to find information about possible built-in __builtin_ia32_storeupd
Warning: Failed to find information about possible built-in __builtin_ia32_storeups
Warning: Failed to find information about possible built-in __builtin_ia32_subpd
Warning: Failed to find information about possible built-in __builtin_ia32_subps
Warning: Failed to find information about possible built-in __builtin_ia32_subsd
Warning: Failed to find information about possible built-in __builtin_ia32_subss
Warning: Failed to find information about possible built-in __builtin_ia32_ucomieq
Warning: Failed to find information about possible built-in __builtin_ia32_ucomige
Warning: Failed to find information about possible built-in __builtin_ia32_ucomigt
Warning: Failed to find information about possible built-in __builtin_ia32_ucomile
Warning: Failed to find information about possible built-in __builtin_ia32_ucomilt
Warning: Failed to find information about possible built-in __builtin_ia32_ucomineq
Warning: Failed to find information about possible built-in __builtin_ia32_ucomisdeq
Warning: Failed to find information about possible built-in __builtin_ia32_ucomisdge
Warning: Failed to find information about possible built-in __builtin_ia32_ucomisdgt
Warning: Failed to find information about possible built-in __builtin_ia32_ucomisdle
Warning: Failed to find information about possible built-in __builtin_ia32_ucomisdlt
Warning: Failed to find information about possible built-in __builtin_ia32_ucomisdneq
Warning: Failed to find information about possible built-in __builtin_ia32_unpckhpd
Warning: Failed to find information about possible built-in __builtin_ia32_unpckhps
Warning: Failed to find information about possible built-in __builtin_ia32_unpcklpd
Warning: Failed to find information about possible built-in __builtin_ia32_unpcklps
Warning: Failed to find information about possible built-in __builtin_ia32_vec_ext_v16qi
Warning: Failed to find information about possible built-in __builtin_ia32_vec_ext_v2df
Warning: Failed to find information about possible built-in __builtin_ia32_vec_ext_v2di
Warning: Failed to find information about possible built-in __builtin_ia32_vec_ext_v2si
Warning: Failed to find information about possible built-in __builtin_ia32_vec_ext_v4hi
Warning: Failed to find information about possible built-in __builtin_ia32_vec_ext_v4sf
Warning: Failed to find information about possible built-in __builtin_ia32_vec_ext_v4si
Warning: Failed to find information about possible built-in __builtin_ia32_vec_ext_v8hi
Warning: Failed to find information about possible built-in __builtin_ia32_vec_pack_sfix
Warning: Failed to find information about possible built-in __builtin_ia32_vec_set_v4hi
Warning: Failed to find information about possible built-in __builtin_ia32_vec_set_v8hi
Warning: Failed to find information about possible built-in __builtin_ia32_vgf2p8affineinvqb_v16qi
Warning: Failed to find information about possible built-in __builtin_ia32_vgf2p8affineqb_v16qi
Warning: Failed to find information about possible built-in __builtin_ia32_vgf2p8mulb_v16qi
Warning: Failed to find information about possible built-in __builtin_ia32_xorpd
Warning: Failed to find information about possible built-in __builtin_ia32_xorps
Warning: Failed to find information about possible built-in __builtin_isfinite
Warning: Failed to find information about possible built-in __builtin_isgreater
Warning: Failed to find information about possible built-in __builtin_isgreaterequal
Warning: Failed to find information about possible built-in __builtin_isinf_sign
Warning: Failed to find information about possible built-in __builtin_isless
Warning: Failed to find information about possible built-in __builtin_islessequal
Warning: Failed to find information about possible built-in __builtin_islessgreater
Warning: Failed to find information about possible built-in __builtin_isnormal
Warning: Failed to find information about possible built-in __builtin_isunordered
Warning: Failed to find information about possible built-in __builtin_launder
Warning: Failed to find information about possible built-in __builtin_mul_overflow
Warning: Failed to find information about possible built-in __builtin_mul_overflow_p
Warning: Failed to find information about possible built-in __builtin_next_arg
Warning: Failed to find information about possible built-in __builtin_prefetch
Warning: Failed to find information about possible built-in __builtin_saveregs
Warning: Failed to find information about possible built-in __builtin_speculation_safe_value
Warning: Failed to find information about possible built-in __builtin_speculation_safe_value_1
Warning: Failed to find information about possible built-in __builtin_speculation_safe_value_16
Warning: Failed to find information about possible built-in __builtin_speculation_safe_value_2
Warning: Failed to find information about possible built-in __builtin_speculation_safe_value_4
Warning: Failed to find information about possible built-in __builtin_speculation_safe_value_8
Warning: Failed to find information about possible built-in __builtin_speculation_safe_value_ptr
Warning: Failed to find information about possible built-in __builtin_sub_overflow
Warning: Failed to find information about possible built-in __builtin_sub_overflow_p
Warning: Failed to find information about possible built-in __builtin_sysv_va_start
Warning: Failed to find information about possible built-in __closure
Warning: Failed to find information about possible built-in __cxa_pure_virtual
Warning: Failed to find information about possible built-in __cxxabiv1
Warning: Failed to find information about possible built-in __delta
Warning: Failed to find information about possible built-in __divmodti4
Warning: Failed to find information about possible built-in __for_begin
Warning: Failed to find information about possible built-in __for_end
Warning: Failed to find information about possible built-in __for_range
Warning: Failed to find information about possible built-in __fprintf_chk
Warning: Failed to find information about possible built-in __has_attribute
Warning: Failed to find information about possible built-in __has_cpp_attribute
Warning: Failed to find information about possible built-in __in_chrg
Warning: Failed to find information about possible built-in __memcpy_chk
Warning: Failed to find information about possible built-in __memmove_chk
Warning: Failed to find information about possible built-in __mempcpy_chk
Warning: Failed to find information about possible built-in __memset_chk
Warning: Failed to find information about possible built-in __pfn
Warning: Failed to find information about possible built-in __printf_chk
Warning: Failed to find information about possible built-in __snprintf_chk
Warning: Failed to find information about possible built-in __sprintf_chk
Warning: Failed to find information about possible built-in __stpcpy_chk
Warning: Failed to find information about possible built-in __stpncpy_chk
Warning: Failed to find information about possible built-in __strcat_chk
Warning: Failed to find information about possible built-in __strcpy_chk
Warning: Failed to find information about possible built-in __strncat_chk
Warning: Failed to find information about possible built-in __strncpy_chk
Warning: Failed to find information about possible built-in __sync_fetch_and_nand
Warning: Failed to find information about possible built-in __sync_nand_and_fetch
Warning: Failed to find information about possible built-in __udivmodti4
Warning: Failed to find information about possible built-in __vfprintf_chk
Warning: Failed to find information about possible built-in __vprintf_chk
Warning: Failed to find information about possible built-in __vsnprintf_chk
Warning: Failed to find information about possible built-in __vsprintf_chk
Warning: Failed to find information about possible built-in __vtbl_ptr_type
Warning: Failed to find information about possible built-in __vtt_parm
Warning: Failed to find information about possible built-in _exit
Warning: Failed to find information about possible built-in _vptr
Warning: Ignored 432 possible built-ins
[T 18:29:44 1862] Reading configuration file /home/akhil/compilers/codeql-compilers-repo/test_dir/build_testing/codeql_db/working/tracing/compiler-tracing9515245928897035771.spec...
[T 18:29:44 1862] ==== Candidate to intercept: /usr/bin/x86_64-linux-gnu-g++-9 (canonical: /usr/bin/x86_64-linux-gnu-g++-9) ====
[T 18:29:44 1862] === Intercepted call to /usr/bin/x86_64-linux-gnu-g++-9 === 
[T 18:29:44 1864] Reading configuration file /home/akhil/compilers/codeql-compilers-repo/test_dir/build_testing/codeql_db/working/tracing/compiler-tracing9515245928897035771.spec...
[T 18:29:44 1864] ==== Candidate to intercept: /usr/lib/gcc/x86_64-linux-gnu/9/cc1plus (canonical: /usr/lib/gcc/x86_64-linux-gnu/9/cc1plus) ====
[T 18:29:44 1864] === Intercepted call to /usr/lib/gcc/x86_64-linux-gnu/9/cc1plus === 
[T 18:29:44 1866] Attempting to switch stdout/stderr to 5...
[T 18:29:44 1866] Reading configuration file /home/akhil/compilers/codeql-compilers-repo/test_dir/build_testing/codeql_db/working/tracing/compiler-tracing9515245928897035771.spec...
[E 18:29:44 1866] CodeQL C/C++ Extractor 1.28.0-SNAPSHOT
[E 18:29:44 1866] Current directory: /home/akhil/compilers/codeql-compilers-repo/test_dir/build_testing
[E 18:29:44 1866] Command: /home/akhil/compilers/codeql-compilers-repo/codeql-home/codeql/cpp/tools/linux64/extractor --mimic /usr/lib/gcc/x86_64-linux-gnu/9/cc1plus -quiet -imultiarch x86_64-linux-gnu -D_GNU_SOURCE /home/akhil/compilers/codeql-compilers-repo/test_dir/build_testing/codeql_db/working/tmp//semmle_11_1810_756204.c -quiet -dumpbase semmle_11_1810_756204.c -mtune=generic -march=x86-64 -auxbase-strip /home/akhil/compilers/codeql-compilers-repo/test_dir/build_testing/codeql_db/working/tmp//semmle_12_1810_756212.o -fasynchronous-unwind-tables -fstack-protector-strong -Wformat -Wformat-security -fstack-clash-protection -fcf-protection -o /tmp/ccInu1k5.s
[E 18:29:44 1866] Not a compiler; exiting. Reason: --version stdout was:
[T 18:29:44 1864] Extractor terminated with exit code 0.
[T 18:29:44 1867] Reading configuration file /home/akhil/compilers/codeql-compilers-repo/test_dir/build_testing/codeql_db/working/tracing/compiler-tracing9515245928897035771.spec...
[T 18:29:44 1867] ==== Candidate to intercept: as (canonical: as) ====
[T 18:29:44 1867] Will try to resolve as in path /usr/local/sbin:/usr/local/bin:/usr/sbin:/usr/bin:/sbin:/bin:/usr/games:/usr/local/games:/mnt/c/Program Files/WindowsApps/CanonicalGroupLimited.Ubuntu20.04onWindows_2004.2021.222.0_x64__79rhkp1fndgsc:/mnt/c/Windows/system32:/mnt/c/Windows:/mnt/c/Windows/System32/Wbem:/mnt/c/Windows/System32/WindowsPowerShell/v1.0/:/mnt/c/Windows/System32/OpenSSH/:/mnt/c/Program Files/Microsoft VS Code/bin:/mnt/c/Program Files/MATLAB/R2020b/bin:/mnt/c/Program Files/PuTTY/:/mnt/c/Program Files/Git/cmd:/mnt/c/Users/Bujji/AppData/Local/Microsoft/WindowsApps:/mnt/c/Users/Bujji/AppData/Local/GitHubDesktop/bin:/mnt/c/Users/Bujji/AppData/Local/Programs/Microsoft VS Code/bin:/snap/bin.
[T 18:29:44 1867]  -> path lookup for as as /usr/local/sbin/as...
[T 18:29:44 1867]  -> path lookup for as as /usr/local/bin/as...
[T 18:29:44 1867]  -> path lookup for as as /usr/sbin/as...
[T 18:29:44 1867]  -> path lookup for as as /usr/bin/as...
[T 18:29:44 1867] ==== Candidate to intercept: /usr/bin/as (canonical: /usr/bin/x86_64-linux-gnu-as) ====
[T 18:29:44 1867] Pathname resolved to /usr/bin/as, which does not match a compiler.
[T 18:29:44 1868] Attempting to switch stdout/stderr to 5...
[T 18:29:44 1868] Reading configuration file /home/akhil/compilers/codeql-compilers-repo/test_dir/build_testing/codeql_db/working/tracing/compiler-tracing9515245928897035771.spec...
[E 18:29:44 1868] CodeQL C/C++ Extractor 1.28.0-SNAPSHOT
[E 18:29:44 1868] Current directory: /home/akhil/compilers/codeql-compilers-repo/test_dir/build_testing
[E 18:29:44 1868] Command: /home/akhil/compilers/codeql-compilers-repo/codeql-home/codeql/cpp/tools/linux64/extractor --mimic '/usr/bin/x86_64-linux-gnu-g++-9' -x 'c++' -o /home/akhil/compilers/codeql-compilers-repo/test_dir/build_testing/codeql_db/working/tmp//semmle_12_1810_756212.o -c /home/akhil/compilers/codeql-compilers-repo/test_dir/build_testing/codeql_db/working/tmp//semmle_11_1810_756204.c
[E 18:29:44 1868] Within classification loop; exiting.
[T 18:29:44 1862] Extractor terminated with exit code 0.
[E 18:29:44 1810] Processed command line: /home/akhil/compilers/codeql-compilers-repo/codeql-home/codeql/cpp/tools/linux64/extractor --trapfolder /home/akhil/compilers/codeql-compilers-repo/test_dir/build_testing/codeql_db/trap/cpp --src_archive /home/akhil/compilers/codeql-compilers-repo/test_dir/build_testing/codeql_db/src --mimic_config /home/akhil/compilers/codeql-compilers-repo/test_dir/build_testing/codeql_db/working/compiler_mimic_cache/5943acae642e --executable_filename /home/akhil/compilers/codeql-compilers-repo/test_dir/build_testing/a.out -w --error_limit 1000 --disable_system_macros --variadic_macros '--g++' --gnu_version 90300 --builtin_functions_file /home/akhil/compilers/codeql-compilers-repo/test_dir/build_testing/codeql_db/working/compiler_mimic_cache/builtins_49a4f7401c27 --target linux_x86_64 -D__SSP_STRONG__=3 '-D__DBL_MIN_EXP__=(-1021)' -D__FLT32X_MAX_EXP__=1024 -D__cpp_attributes=200809 -D__UINT_LEAST16_MAX__=0xffff -D__ATOMIC_ACQUIRE=2 -D__FLT128_MAX_10_EXP__=4932 -D__FLT_MIN__=1.17549435082228750796873653722224568e-38F -D__GCC_IEC_559_COMPLEX=2 -D__cpp_aggregate_nsdmi=201304 '-D__UINT_LEAST8_TYPE__=unsigned char' -D__SIZEOF_FLOAT80__=16 '-D__INTMAX_C(c)=c ## L' -D__CHAR_BIT__=8 -D__UINT8_MAX__=0xff -D__WINT_MAX__=0xffffffffU '-D__FLT32_MIN_EXP__=(-125)' -D__cpp_static_assert=200410 -D__ORDER_LITTLE_ENDIAN__=1234 -D__SIZE_MAX__=0xffffffffffffffffUL -D__WCHAR_MAX__=0x7fffffff -D__GCC_HAVE_SYNC_COMPARE_AND_SWAP_1=1 -D__GCC_HAVE_SYNC_COMPARE_AND_SWAP_2=1 -D__GCC_HAVE_SYNC_COMPARE_AND_SWAP_4=1 '-D__DBL_DENORM_MIN__=double(4.94065645841246544176568792868221372e-324L)' -D__GCC_HAVE_SYNC_COMPARE_AND_SWAP_8=1 -D__GCC_ATOMIC_CHAR_LOCK_FREE=2 -D__GCC_IEC_559=2 -D__FLT32X_DECIMAL_DIG__=17 -D__FLT_EVAL_METHOD__=0 -D__unix__=1 -D__cpp_binary_literals=201304 -D__FLT64_DECIMAL_DIG__=17 -D__CET__=3 -D__GCC_ATOMIC_CHAR32_T_LOCK_FREE=2 -D__x86_64=1 -D__cpp_variadic_templates=200704 -D__UINT_FAST64_MAX__=0xffffffffffffffffUL -D__SIG_ATOMIC_TYPE__=int '-D__DBL_MIN_10_EXP__=(-307)' -D__FINITE_MATH_ONLY__=0 -D__cpp_variable_templates=201304 -D__FLT32_HAS_DENORM__=1 -D__UINT_FAST8_MAX__=0xff -D__cpp_rvalue_reference=200610 '-D__has_include(STR)=__has_include__(STR)' -D__DEC64_MAX_EXP__=385 '-D__INT8_C(c)=c' -D__INT_LEAST8_WIDTH__=8 -D__UINT_LEAST64_MAX__=0xffffffffffffffffUL -D__SHRT_MAX__=0x7fff '-D__LDBL_MAX__=1.18973149535723176502126385303097021e+4932L' -D__FLT64X_MAX_10_EXP__=4932 -D__UINT_LEAST8_MAX__=0xff -D__GCC_ATOMIC_BOOL_LOCK_FREE=2 -D__FLT128_DENORM_MIN__=6.47517511943802511092443895822764655e-4966F128 '-D__UINTMAX_TYPE__=long unsigned int' -D__linux=1 -D__DEC32_EPSILON__=1E-6DF -D__FLT_EVAL_METHOD_TS_18661_3__=0 -D__unix=1 -D__UINT32_MAX__=0xffffffffU -D__GXX_EXPERIMENTAL_CXX0X__=1 -D__LDBL_MAX_EXP__=16384 '-D__FLT128_MIN_EXP__=(-16381)' -D__WINT_MIN__=0U -D__linux__=1 '-D__FLT128_MIN_10_EXP__=(-4931)' -D__INT_LEAST16_WIDTH__=16 -D__SCHAR_MAX__=0x7f -D__FLT128_MANT_DIG__=113 '-D__WCHAR_MIN__=(-__WCHAR_MAX__ - 1)' '-D__INT64_C(c)=c ## L' -D__DBL_DIG__=15 -D__GCC_ATOMIC_POINTER_LOCK_FREE=2 -D__FLT64X_MANT_DIG__=64 -D__SIZEOF_INT__=4 -D__SIZEOF_POINTER__=8 -D__GCC_ATOMIC_CHAR16_T_LOCK_FREE=2 -D__USER_LABEL_PREFIX__= -D__FLT64X_EPSILON__=1.08420217248550443400745280086994171e-19F64x -D__LDBL_HAS_INFINITY__=1 -D__FLT32_DIG__=6 -D__FLT_EPSILON__=1.19209289550781250000000000000000000e-7F -D__GXX_WEAK__=1 -D__SHRT_WIDTH__=16 -D__LDBL_MIN__=3.36210314311209350626267781732175260e-4932L -D__DEC32_MAX__=9.999999E96DF -D__cpp_threadsafe_static_init=200806 -D__FLT64X_DENORM_MIN__=3.64519953188247460252840593361941982e-4951F64x -D__FLT32X_HAS_INFINITY__=1 -D__INT32_MAX__=0x7fffffff -D__INT_WIDTH__=32 -D__SIZEOF_LONG__=8 -D__STDC_IEC_559__=1 -D__STDC_ISO_10646__=201706L '-D__UINT16_C(c)=c' -D__PTRDIFF_WIDTH__=64 -D__DECIMAL_DIG__=21 -D__FLT64_EPSILON__=2.22044604925031308084726333618164062e-16F64 -D__gnu_linux__=1 -D__INTMAX_WIDTH__=64 '-D__FLT64_MIN_EXP__=(-1021)' '-D__has_include_next(STR)=__has_include_next__(STR)' '-D__FLT64X_MIN_10_EXP__=(-4931)' -D__LDBL_HAS_QUIET_NAN__=1 -D__FLT64_MANT_DIG__=53 -D__GXX_RTTI=1 -D__pie__=2 -D__MMX__=1 -D__cpp_delegating_constructors=200604 -D__FLT_HAS_DENORM__=1 -D__SIZEOF_LONG_DOUBLE__=16 -D__BIGGEST_ALIGNMENT__=16 -D__STDC_UTF_16__=1 -D__FLT64_MAX_10_EXP__=308 -D__FLT32_HAS_INFINITY__=1 '-D__DBL_MAX__=double(1.79769313486231570814527423731704357e+308L)' -D__cpp_raw_strings=200710 -D__INT_FAST32_MAX__=0x7fffffffffffffffL -D__DBL_HAS_INFINITY__=1 -D__HAVE_SPECULATION_SAFE_VALUE=1 '-D__DEC32_MIN_EXP__=(-94)' -D__INTPTR_WIDTH__=64 -D__FLT32X_HAS_DENORM__=1 '-D__INT_FAST16_TYPE__=long int' -D__LDBL_HAS_DENORM__=1 -D__cpp_ref_qualifiers=200710 -D__DEC128_MAX__=9.999999999999999999999999999999999E6144DL -D__INT_LEAST32_MAX__=0x7fffffff -D__DEC32_MIN__=1E-95DF -D__DEPRECATED=1 -D__cpp_rvalue_references=200610 -D__DBL_MAX_EXP__=1024 -D__WCHAR_WIDTH__=32 '-D__FLT32_MAX__=3.40282346638528859811704183484516925e+38F32' -D__DEC128_EPSILON__=1E-33DL -D__SSE2_MATH__=1 -D__ATOMIC_HLE_RELEASE=131072 -D__PTRDIFF_MAX__=0x7fffffffffffffffL -D__amd64=1 -D__ATOMIC_HLE_ACQUIRE=65536 -D__FLT32_HAS_QUIET_NAN__=1 -D__LONG_LONG_MAX__=0x7fffffffffffffffLL -D__SIZEOF_SIZE_T__=8 -D__cpp_nsdmi=200809 '-D__FLT64X_MIN_EXP__=(-16381)' -D__SIZEOF_WINT_T__=4 -D__LONG_LONG_WIDTH__=64 -D__cpp_initializer_lists=200806 -D__FLT32_MAX_EXP__=128 -D__cpp_hex_float=201603 -D__GCC_HAVE_DWARF2_CFI_ASM=1 -D__GXX_ABI_VERSION=1013 -D__FLT128_HAS_INFINITY__=1 '-D__FLT_MIN_EXP__=(-125)' -D__cpp_lambdas=200907 -D__FLT64X_HAS_QUIET_NAN__=1 '-D__INT_FAST64_TYPE__=long int' -D__FLT64_DENORM_MIN__=4.94065645841246544176568792868221372e-324F64 '-D__DBL_MIN__=double(2.22507385850720138309023271733240406e-308L)' -D__PIE__=2 -D__LP64__=1 -D__FLT32X_EPSILON__=2.22044604925031308084726333618164062e-16F32x -D__DECIMAL_BID_FORMAT__=1 '-D__FLT64_MIN_10_EXP__=(-307)' -D__FLT64X_DECIMAL_DIG__=21 -D__DEC128_MIN__=1E-6143DL -D__REGISTER_PREFIX__= -D__UINT16_MAX__=0xffff -D__FLT32_MIN__=1.17549435082228750796873653722224568e-38F32 '-D__UINT8_TYPE__=unsigned char' -D__NO_INLINE__=1 -D__FLT_MANT_DIG__=24 -D__LDBL_DECIMAL_DIG__=21 '-D__UINT64_C(c)=c ## UL' -D__cpp_unicode_characters=200704 -D_STDC_PREDEF_H=1 -D__cpp_decltype_auto=201304 -D__GCC_ATOMIC_INT_LOCK_FREE=2 -D__FLT128_MAX_EXP__=16384 -D__FLT32_MANT_DIG__=24 -D__FLOAT_WORD_ORDER__=__ORDER_LITTLE_ENDIAN__ -D__STDC_IEC_559_COMPLEX__=1 -D__FLT128_HAS_DENORM__=1 -D__FLT128_DIG__=33 -D__SCHAR_WIDTH__=8 '-D__INT32_C(c)=c' -D__DEC64_EPSILON__=1E-15DD -D__ORDER_PDP_ENDIAN__=3412 '-D__DEC128_MIN_EXP__=(-6142)' -D__FLT32_MAX_10_EXP__=38 '-D__INT_FAST32_TYPE__=long int' '-D__UINT_LEAST16_TYPE__=short unsigned int' -D__FLT64X_HAS_INFINITY__=1 -Dunix=1 -D__DBL_HAS_DENORM__=1 -D__INT16_MAX__=0x7fff -D__cpp_rtti=199711 '-D__SIZE_TYPE__=long unsigned int' -D__UINT64_MAX__=0xffffffffffffffffUL -D__FLT64X_DIG__=18 '-D__INT8_TYPE__=signed char' -D__cpp_digit_separators=201309 -D__ELF__=1 -D__GCC_ASM_FLAG_OUTPUTS__=1 -D__FLT_RADIX__=2 '-D__INT_LEAST16_TYPE__=short int' -D__LDBL_EPSILON__=1.08420217248550443400745280086994171e-19L '-D__UINTMAX_C(c)=c ## UL' -D__GLIBCXX_BITSIZE_INT_N_0=128 -D__k8=1 -D__SIG_ATOMIC_MAX__=0x7fffffff -D__GCC_ATOMIC_WCHAR_T_LOCK_FREE=2 -D__SIZEOF_PTRDIFF_T__=8 -D__FLT32X_MANT_DIG__=53 -D__x86_64__=1 '-D__FLT32X_MIN_EXP__=(-1021)' -D__DEC32_SUBNORMAL_MIN__=0.000001E-95DF -D__INT_FAST16_MAX__=0x7fffffffffffffffL -D__FLT64_DIG__=15 -D__UINT_FAST32_MAX__=0xffffffffffffffffUL '-D__UINT_LEAST64_TYPE__=long unsigned int' -D__FLT_HAS_QUIET_NAN__=1 -D__FLT_MAX_10_EXP__=38 -D__LONG_MAX__=0x7fffffffffffffffL -D__FLT64X_HAS_DENORM__=1 -D__DEC128_SUBNORMAL_MIN__=0.000000000000000000000000000000001E-6143DL -D__FLT_HAS_INFINITY__=1 -D__cpp_unicode_literals=200710 '-D__UINT_FAST16_TYPE__=long unsigned int' -D__DEC64_MAX__=9.999999999999999E384DD -D__INT_FAST32_WIDTH__=64 -D__PRAGMA_REDEFINE_EXTNAME=1 -D__SIZE_WIDTH__=64 -D__SEG_FS=1 -D__INT_LEAST16_MAX__=0x7fff -D__DEC64_MANT_DIG__=16 -D__INT64_MAX__=0x7fffffffffffffffL -D__UINT_LEAST32_MAX__=0xffffffffU -D__SEG_GS=1 -D__FLT32_DENORM_MIN__=1.40129846432481707092372958328991613e-45F32 -D__GCC_ATOMIC_LONG_LOCK_FREE=2 -D__SIG_ATOMIC_WIDTH__=32 '-D__INT_LEAST64_TYPE__=long int' '-D__INT16_TYPE__=short int' '-D__INT_LEAST8_TYPE__=signed char' -D__DEC32_MAX_EXP__=97 -D__INT_FAST8_MAX__=0x7f '-D__FLT128_MAX__=1.18973149535723176508575932662800702e+4932F128' -D__INTPTR_MAX__=0x7fffffffffffffffL -D__cpp_sized_deallocation=201309 -Dlinux=1 -D__cpp_range_based_for=200907 -D__FLT64_HAS_QUIET_NAN__=1 '-D__FLT32_MIN_10_EXP__=(-37)' -D__SSE2__=1 -D__EXCEPTIONS=1 -D__LDBL_MANT_DIG__=64 -D__DBL_HAS_QUIET_NAN__=1 -D__FLT64_HAS_INFINITY__=1 '-D__FLT64X_MAX__=1.18973149535723176502126385303097021e+4932F64x' '-D__SIG_ATOMIC_MIN__=(-__SIG_ATOMIC_MAX__ - 1)' -D__code_model_small__=1 -D__cpp_return_type_deduction=201304 -D__k8__=1 '-D__INTPTR_TYPE__=long int' '-D__UINT16_TYPE__=short unsigned int' -D__WCHAR_TYPE__=int -D__SIZEOF_FLOAT__=4 -D__pic__=2 -D__UINTPTR_MAX__=0xffffffffffffffffUL -D__INT_FAST64_WIDTH__=64 '-D__DEC64_MIN_EXP__=(-382)' -D__cpp_decltype=200707 -D__FLT32_DECIMAL_DIG__=9 -D__INT_FAST64_MAX__=0x7fffffffffffffffL -D__GCC_ATOMIC_TEST_AND_SET_TRUEVAL=1 -D__FLT_DIG__=6 -D__FLT64X_MAX_EXP__=16384 '-D__UINT_FAST64_TYPE__=long unsigned int' -D__INT_MAX__=0x7fffffff -D__amd64__=1 '-D__INT64_TYPE__=long int' -D__FLT_MAX_EXP__=128 -D__ORDER_BIG_ENDIAN__=4321 -D__DBL_MANT_DIG__=53 -D__cpp_inheriting_constructors=201511 -D__SIZEOF_FLOAT128__=16 -D__INT_LEAST64_MAX__=0x7fffffffffffffffL -D__DEC64_MIN__=1E-383DD '-D__WINT_TYPE__=unsigned int' '-D__UINT_LEAST32_TYPE__=unsigned int' -D__SIZEOF_SHORT__=2 -D__SSE__=1 '-D__LDBL_MIN_EXP__=(-16381)' '-D__FLT64_MAX__=1.79769313486231570814527423731704357e+308F64' -D__WINT_WIDTH__=32 -D__INT_LEAST8_MAX__=0x7f -D__FLT32X_MAX_10_EXP__=308 -D__SIZEOF_INT128__=16 -D__LDBL_MAX_10_EXP__=4932 -D__ATOMIC_RELAXED=0 '-D__DBL_EPSILON__=double(2.22044604925031308084726333618164062e-16L)' -D__FLT128_MIN__=3.36210314311209350626267781732175260e-4932F128 -D_LP64=1 '-D__UINT8_C(c)=c' -D__FLT64_MAX_EXP__=1024 -D__INT_LEAST32_TYPE__=int -D__SIZEOF_WCHAR_T__=4 -D__FLT128_HAS_QUIET_NAN__=1 '-D__INT_FAST8_TYPE__=signed char' -D__FLT64X_MIN__=3.36210314311209350626267781732175260e-4932F64x -D__FLT64_HAS_DENORM__=1 -D__FLT32_EPSILON__=1.19209289550781250000000000000000000e-7F32 -D__DBL_DECIMAL_DIG__=17 -D__STDC_UTF_32__=1 -D__INT_FAST8_WIDTH__=8 -D__FXSR__=1 -D__DEC_EVAL_METHOD__=2 '-D__FLT32X_MAX__=1.79769313486231570814527423731704357e+308F32x' -D__cpp_runtime_arrays=198712 '-D__UINT64_TYPE__=long unsigned int' '-D__UINT32_C(c)=c ## U' -D__INTMAX_MAX__=0x7fffffffffffffffL -D__cpp_alias_templates=200704 -D__BYTE_ORDER__=__ORDER_LITTLE_ENDIAN__ -D__FLT_DENORM_MIN__=1.40129846432481707092372958328991613e-45F -D__INT8_MAX__=0x7f -D__LONG_WIDTH__=64 -D__PIC__=2 '-D__UINT_FAST32_TYPE__=long unsigned int' '-D__FLT_MAX__=3.40282346638528859811704183484516925e+38F' -D__cpp_constexpr=201304 -D__INT32_TYPE__=int -D__SIZEOF_DOUBLE__=8 -D__cpp_exceptions=199711 '-D__FLT_MIN_10_EXP__=(-37)' -D__FLT64_MIN__=2.22507385850720138309023271733240406e-308F64 -D__INT_LEAST32_WIDTH__=32 '-D__INTMAX_TYPE__=long int' -D__DEC128_MAX_EXP__=6145 -D__FLT32X_HAS_QUIET_NAN__=1 -D__ATOMIC_CONSUME=1 -D__GLIBCXX_TYPE_INT_N_0=__int128 -D__INT_FAST16_WIDTH__=64 -D__UINTMAX_MAX__=0xffffffffffffffffUL -D__DEC32_MANT_DIG__=7 -D__FLT32X_DENORM_MIN__=4.94065645841246544176568792868221372e-324F32x -D__DBL_MAX_10_EXP__=308 -D__LDBL_DENORM_MIN__=3.64519953188247460252840593361941982e-4951L '-D__INT16_C(c)=c' -D__cpp_generic_lambdas=201304 -D__FLT32X_DIG__=15 '-D__PTRDIFF_TYPE__=long int' -D__ATOMIC_SEQ_CST=5 '-D__UINT32_TYPE__=unsigned int' '-D__FLT32X_MIN_10_EXP__=(-307)' '-D__UINTPTR_TYPE__=long unsigned int' -D__DEC64_SUBNORMAL_MIN__=0.000000000000001E-383DD -D__DEC128_MANT_DIG__=34 '-D__LDBL_MIN_10_EXP__=(-4931)' -D__FLT128_EPSILON__=1.92592994438723585305597794258492732e-34F128 -D__SSE_MATH__=1 -D__SIZEOF_LONG_LONG__=8 -D__cpp_user_defined_literals=200809 -D__FLT128_DECIMAL_DIG__=36 -D__GCC_ATOMIC_LLONG_LOCK_FREE=2 -D__FLT32X_MIN__=2.22507385850720138309023271733240406e-308F32x -D__LDBL_DIG__=18 -D__FLT_DECIMAL_DIG__=9 -D__UINT_FAST16_MAX__=0xffffffffffffffffUL -D__GCC_ATOMIC_SHORT_LOCK_FREE=2 -D__INT_LEAST64_WIDTH__=64 '-D__UINT_FAST8_TYPE__=unsigned char' -D_GNU_SOURCE=1 -D__cpp_init_captures=201304 -D__ATOMIC_ACQ_REL=4 -D__ATOMIC_RELEASE=3 '-I/usr/include/c++/9' '-I/usr/include/x86_64-linux-gnu/c++/9' '-I/usr/include/c++/9/backward' -I/usr/lib/gcc/x86_64-linux-gnu/9/include -I/usr/local/include -I/usr/include/x86_64-linux-gnu -I/usr/include -- row_major.cpp
[E 18:29:44 1810] Starting compilation TRAP /home/akhil/compilers/codeql-compilers-repo/test_dir/build_testing/codeql_db/trap/cpp/compilations/45/55902206_0.trap.br
"/usr/include/x86_64-linux-gnu/bits/floatn.h", line 75: error: 128-bit floating-point types are not supported in this configuration
  typedef _Complex float __cfloat128 __attribute__ ((__mode__ (__TC__)));
                                                     ^

"/usr/include/x86_64-linux-gnu/bits/floatn.h", line 87: error: invalid combination of type specifiers
  typedef __float128 _Float128;
                     ^

"/usr/include/x86_64-linux-gnu/bits/floatn-common.h", line 214: error: invalid combination of type specifiers
  typedef float _Float32;
                ^

"/usr/include/x86_64-linux-gnu/bits/floatn-common.h", line 251: error: invalid combination of type specifiers
  typedef double _Float64;
                 ^

"/usr/include/x86_64-linux-gnu/bits/floatn-common.h", line 268: error: invalid combination of type specifiers
  typedef double _Float32x;
                 ^

"/usr/include/x86_64-linux-gnu/bits/floatn-common.h", line 285: error: invalid combination of type specifiers
  typedef long double _Float64x;
                      ^

[E 18:29:44 1810] Creating trap tarball /home/akhil/compilers/codeql-compilers-repo/test_dir/build_testing/codeql_db/trap/cpp/tarballs/home/akhil/compilers/codeql-compilers-repo/test_dir/build_testing/row_major.cpp.f55964e5_0.trap.tar.br
[E 18:29:44 1810] Emitting trap files for row_major.cpp
[E 18:29:44 1810] Warning[extractor-c++]: In discover_overloaded_functions: Unexpected symbol kind in discover_overloaded_functions: 20

[E 18:29:44 1810] Warning[extractor-c++]: In discover_overloaded_functions: Unexpected symbol kind in discover_overloaded_functions: 20

[E 18:29:44 1810] Warning[extractor-c++]: In discover_overloaded_functions: Unexpected symbol kind in discover_overloaded_functions: 20

[E 18:29:44 1810] Warning[extractor-c++]: In discover_overloaded_functions: Unexpected symbol kind in discover_overloaded_functions: 20

[E 18:29:44 1810] Warning[extractor-c++]: In discover_overloaded_functions: Unexpected symbol kind in discover_overloaded_functions: 20

[E 18:29:44 1810] Warning[extractor-c++]: In discover_overloaded_functions: Unexpected symbol kind in discover_overloaded_functions: 20

[E 18:29:44 1810] Warning[extractor-c++]: In discover_overloaded_functions: Unexpected symbol kind in discover_overloaded_functions: 20

[E 18:29:44 1810] Warning[extractor-c++]: In discover_overloaded_functions: Unexpected symbol kind in discover_overloaded_functions: 20

[E 18:29:44 1810] Warning[extractor-c++]: In discover_overloaded_functions: Unexpected symbol kind in discover_overloaded_functions: 20

[E 18:29:44 1810] Warning[extractor-c++]: In discover_overloaded_functions: Unexpected symbol kind in discover_overloaded_functions: 20

[E 18:29:44 1810] Warning[extractor-c++]: In discover_overloaded_functions: Unexpected symbol kind in discover_overloaded_functions: 20

[E 18:29:44 1810] Warning[extractor-c++]: In discover_overloaded_functions: Unexpected symbol kind in discover_overloaded_functions: 20

[E 18:29:44 1810] Warning[extractor-c++]: In discover_overloaded_functions: Unexpected symbol kind in discover_overloaded_functions: 20

[E 18:29:44 1810] Warning[extractor-c++]: In discover_overloaded_functions: Unexpected symbol kind in discover_overloaded_functions: 20

[E 18:29:44 1810] Warning[extractor-c++]: In discover_overloaded_functions: Unexpected symbol kind in discover_overloaded_functions: 20

[E 18:29:44 1810] Warning[extractor-c++]: In discover_overloaded_functions: Unexpected symbol kind in discover_overloaded_functions: 20

[E 18:29:44 1810] Warning[extractor-c++]: In discover_overloaded_functions: Unexpected symbol kind in discover_overloaded_functions: 20

[E 18:29:44 1810] Warning[extractor-c++]: In discover_overloaded_functions: Unexpected symbol kind in discover_overloaded_functions: 20

[E 18:29:44 1810] Warning[extractor-c++]: In discover_overloaded_functions: Unexpected symbol kind in discover_overloaded_functions: 20

[E 18:29:44 1810] Warning[extractor-c++]: In discover_overloaded_functions: Unexpected symbol kind in discover_overloaded_functions: 20

[E 18:29:44 1810] Warning[extractor-c++]: In discover_overloaded_functions: Unexpected symbol kind in discover_overloaded_functions: 20

[E 18:29:44 1810] Warning[extractor-c++]: In discover_overloaded_functions: Unexpected symbol kind in discover_overloaded_functions: 20

[E 18:29:44 1810] Warning[extractor-c++]: In discover_overloaded_functions: Unexpected symbol kind in discover_overloaded_functions: 20

[E 18:29:44 1810] Warning[extractor-c++]: In discover_overloaded_functions: Unexpected symbol kind in discover_overloaded_functions: 20

[E 18:29:44 1810] Warning[extractor-c++]: In discover_overloaded_functions: Unexpected symbol kind in discover_overloaded_functions: 20

[E 18:29:44 1810] Warning[extractor-c++]: In discover_overloaded_functions: Unexpected symbol kind in discover_overloaded_functions: 20

[E 18:29:44 1810] Warning[extractor-c++]: In discover_overloaded_functions: Unexpected symbol kind in discover_overloaded_functions: 20

[E 18:29:44 1810] Warning[extractor-c++]: In discover_overloaded_functions: Unexpected symbol kind in discover_overloaded_functions: 20

[E 18:29:44 1810] Warning[extractor-c++]: In discover_overloaded_functions: Unexpected symbol kind in discover_overloaded_functions: 20

[E 18:29:44 1810] Warning[extractor-c++]: In discover_overloaded_functions: Unexpected symbol kind in discover_overloaded_functions: 20

[E 18:29:44 1810] Warning[extractor-c++]: In discover_overloaded_functions: Unexpected symbol kind in discover_overloaded_functions: 20

[E 18:29:44 1810] Warning[extractor-c++]: In discover_overloaded_functions: Unexpected symbol kind in discover_overloaded_functions: 20

[E 18:29:44 1810] Warning[extractor-c++]: In discover_overloaded_functions: Unexpected symbol kind in discover_overloaded_functions: 20

[E 18:29:44 1810] Warning[extractor-c++]: In discover_overloaded_functions: Unexpected symbol kind in discover_overloaded_functions: 20

[E 18:29:44 1810] Warning[extractor-c++]: In discover_overloaded_functions: Unexpected symbol kind in discover_overloaded_functions: 20

[E 18:29:44 1810] Warning[extractor-c++]: In discover_overloaded_functions: Unexpected symbol kind in discover_overloaded_functions: 20

[E 18:29:44 1810] Warning[extractor-c++]: In discover_overloaded_functions: Unexpected symbol kind in discover_overloaded_functions: 20

[E 18:29:44 1810] Warning[extractor-c++]: In discover_overloaded_functions: Unexpected symbol kind in discover_overloaded_functions: 20

[E 18:29:44 1810] Warning[extractor-c++]: In discover_overloaded_functions: Unexpected symbol kind in discover_overloaded_functions: 20

[E 18:29:44 1810] Warning[extractor-c++]: In discover_overloaded_functions: Unexpected symbol kind in discover_overloaded_functions: 20

[E 18:29:44 1810] Warning[extractor-c++]: In discover_overloaded_functions: Unexpected symbol kind in discover_overloaded_functions: 20

[E 18:29:44 1810] Warning[extractor-c++]: In discover_overloaded_functions: Unexpected symbol kind in discover_overloaded_functions: 20

[E 18:29:44 1810] Warning[extractor-c++]: In discover_overloaded_functions: Unexpected symbol kind in discover_overloaded_functions: 20

[E 18:29:44 1810] Warning[extractor-c++]: In discover_overloaded_functions: Unexpected symbol kind in discover_overloaded_functions: 20

[E 18:29:44 1810] Warning[extractor-c++]: In discover_overloaded_functions: Unexpected symbol kind in discover_overloaded_functions: 20

[E 18:29:44 1810] Warning[extractor-c++]: In discover_overloaded_functions: Unexpected symbol kind in discover_overloaded_functions: 20

[E 18:29:44 1810] Warning[extractor-c++]: In discover_overloaded_functions: Unexpected symbol kind in discover_overloaded_functions: 20

[E 18:29:44 1810] Warning[extractor-c++]: In discover_overloaded_functions: Unexpected symbol kind in discover_overloaded_functions: 20

[E 18:29:44 1810] Warning[extractor-c++]: In discover_overloaded_functions: Unexpected symbol kind in discover_overloaded_functions: 20

[E 18:29:44 1810] Warning[extractor-c++]: In discover_overloaded_functions: Unexpected symbol kind in discover_overloaded_functions: 20

[E 18:29:44 1810] Warning[extractor-c++]: In discover_overloaded_functions: Unexpected symbol kind in discover_overloaded_functions: 20

[E 18:29:44 1810] Warning[extractor-c++]: In discover_overloaded_functions: Unexpected symbol kind in discover_overloaded_functions: 20

[E 18:29:44 1810] Opening existencedb in /home/akhil/compilers/codeql-compilers-repo/test_dir/build_testing/codeql_db/working/existencedb/db
[E 18:29:44 1810] Archiving /home/akhil/compilers/codeql-compilers-repo/test_dir/build_testing/codeql_db/src/usr/include/stdc-predef.h
[E 18:29:44 1810] Archiving /home/akhil/compilers/codeql-compilers-repo/test_dir/build_testing/codeql_db/src/usr/include/x86_64-linux-gnu/bits/wordsize.h
[E 18:29:44 1810] Archiving /home/akhil/compilers/codeql-compilers-repo/test_dir/build_testing/codeql_db/src/usr/include/x86_64-linux-gnu/bits/long-double.h
[E 18:29:44 1810] Archiving /home/akhil/compilers/codeql-compilers-repo/test_dir/build_testing/codeql_db/src/usr/include/x86_64-linux-gnu/sys/cdefs.h
[E 18:29:44 1810] Archiving /home/akhil/compilers/codeql-compilers-repo/test_dir/build_testing/codeql_db/src/usr/include/x86_64-linux-gnu/gnu/stubs-64.h
[E 18:29:44 1810] Archiving /home/akhil/compilers/codeql-compilers-repo/test_dir/build_testing/codeql_db/src/usr/include/x86_64-linux-gnu/gnu/stubs.h
[E 18:29:44 1810] Archiving /home/akhil/compilers/codeql-compilers-repo/test_dir/build_testing/codeql_db/src/usr/include/features.h
[E 18:29:44 1810] Archiving /home/akhil/compilers/codeql-compilers-repo/test_dir/build_testing/codeql_db/src/usr/include/x86_64-linux-gnu/c++/9/bits/os_defines.h
[E 18:29:44 1810] Archiving /home/akhil/compilers/codeql-compilers-repo/test_dir/build_testing/codeql_db/src/usr/include/x86_64-linux-gnu/c++/9/bits/cpu_defines.h
[E 18:29:44 1810] Archiving /home/akhil/compilers/codeql-compilers-repo/test_dir/build_testing/codeql_db/src/usr/include/x86_64-linux-gnu/c++/9/bits/c++config.h
[E 18:29:44 1810] Archiving /home/akhil/compilers/codeql-compilers-repo/test_dir/build_testing/codeql_db/src/usr/include/c++/9/bits/memoryfwd.h
[E 18:29:44 1810] Archiving /home/akhil/compilers/codeql-compilers-repo/test_dir/build_testing/codeql_db/src/usr/include/c++/9/bits/stringfwd.h
[E 18:29:44 1810] Archiving /home/akhil/compilers/codeql-compilers-repo/test_dir/build_testing/codeql_db/src/usr/include/x86_64-linux-gnu/bits/libc-header-start.h
[E 18:29:44 1810] Archiving /home/akhil/compilers/codeql-compilers-repo/test_dir/build_testing/codeql_db/src/usr/include/x86_64-linux-gnu/bits/floatn-common.h
[E 18:29:44 1810] Archiving /home/akhil/compilers/codeql-compilers-repo/test_dir/build_testing/codeql_db/src/usr/include/x86_64-linux-gnu/bits/floatn.h
[E 18:29:44 1810] Archiving /home/akhil/compilers/codeql-compilers-repo/test_dir/build_testing/codeql_db/src/usr/lib/gcc/x86_64-linux-gnu/9/include/stddef.h
[E 18:29:44 1810] Archiving /home/akhil/compilers/codeql-compilers-repo/test_dir/build_testing/codeql_db/src/usr/lib/gcc/x86_64-linux-gnu/9/include/stdarg.h
[E 18:29:44 1810] Archiving /home/akhil/compilers/codeql-compilers-repo/test_dir/build_testing/codeql_db/src/usr/include/x86_64-linux-gnu/bits/wchar.h
[E 18:29:44 1810] Archiving /home/akhil/compilers/codeql-compilers-repo/test_dir/build_testing/codeql_db/src/usr/include/x86_64-linux-gnu/bits/types/wint_t.h
[E 18:29:44 1810] Archiving /home/akhil/compilers/codeql-compilers-repo/test_dir/build_testing/codeql_db/src/usr/include/x86_64-linux-gnu/bits/types/__mbstate_t.h
[E 18:29:44 1810] Archiving /home/akhil/compilers/codeql-compilers-repo/test_dir/build_testing/codeql_db/src/usr/include/x86_64-linux-gnu/bits/types/mbstate_t.h
[E 18:29:44 1810] Archiving /home/akhil/compilers/codeql-compilers-repo/test_dir/build_testing/codeql_db/src/usr/include/x86_64-linux-gnu/bits/types/__FILE.h
[E 18:29:44 1810] Archiving /home/akhil/compilers/codeql-compilers-repo/test_dir/build_testing/codeql_db/src/usr/include/x86_64-linux-gnu/bits/types/FILE.h
[E 18:29:44 1810] Archiving /home/akhil/compilers/codeql-compilers-repo/test_dir/build_testing/codeql_db/src/usr/include/x86_64-linux-gnu/bits/types/__locale_t.h
[E 18:29:44 1810] Archiving /home/akhil/compilers/codeql-compilers-repo/test_dir/build_testing/codeql_db/src/usr/include/x86_64-linux-gnu/bits/types/locale_t.h
[E 18:29:44 1810] Archiving /home/akhil/compilers/codeql-compilers-repo/test_dir/build_testing/codeql_db/src/usr/include/wchar.h
[E 18:29:44 1810] Archiving /home/akhil/compilers/codeql-compilers-repo/test_dir/build_testing/codeql_db/src/usr/include/c++/9/cwchar
[E 18:29:44 1810] Archiving /home/akhil/compilers/codeql-compilers-repo/test_dir/build_testing/codeql_db/src/usr/include/c++/9/bits/postypes.h
[E 18:29:44 1810] Archiving /home/akhil/compilers/codeql-compilers-repo/test_dir/build_testing/codeql_db/src/usr/include/c++/9/iosfwd
[E 18:29:44 1810] Archiving /home/akhil/compilers/codeql-compilers-repo/test_dir/build_testing/codeql_db/src/usr/include/c++/9/bits/exception.h
[E 18:29:44 1810] Archiving /home/akhil/compilers/codeql-compilers-repo/test_dir/build_testing/codeql_db/src/usr/include/c++/9/bits/exception_defines.h
[E 18:29:44 1810] Already archived /home/akhil/compilers/codeql-compilers-repo/test_dir/build_testing/codeql_db/src/usr/lib/gcc/x86_64-linux-gnu/9/include/stddef.h
[E 18:29:44 1810] Archiving /home/akhil/compilers/codeql-compilers-repo/test_dir/build_testing/codeql_db/src/usr/include/c++/9/bits/cxxabi_init_exception.h
[E 18:29:44 1810] Archiving /home/akhil/compilers/codeql-compilers-repo/test_dir/build_testing/codeql_db/src/usr/include/c++/9/bits/hash_bytes.h
[E 18:29:44 1810] Archiving /home/akhil/compilers/codeql-compilers-repo/test_dir/build_testing/codeql_db/src/usr/include/c++/9/typeinfo
[E 18:29:44 1810] Archiving /home/akhil/compilers/codeql-compilers-repo/test_dir/build_testing/codeql_db/src/usr/include/c++/9/exception
[E 18:29:44 1810] Archiving /home/akhil/compilers/codeql-compilers-repo/test_dir/build_testing/codeql_db/src/usr/include/c++/9/new
[E 18:29:44 1810] Archiving /home/akhil/compilers/codeql-compilers-repo/test_dir/build_testing/codeql_db/src/usr/include/c++/9/bits/exception_ptr.h
[E 18:29:44 1810] Archiving /home/akhil/compilers/codeql-compilers-repo/test_dir/build_testing/codeql_db/src/usr/include/c++/9/bits/concept_check.h
[E 18:29:44 1810] Archiving /home/akhil/compilers/codeql-compilers-repo/test_dir/build_testing/codeql_db/src/usr/include/c++/9/type_traits
[E 18:29:44 1810] Warning[extractor-c++]: In index_enk_operation: Unexpected eok_lvalue.
[E 18:29:44 1810] Archiving /home/akhil/compilers/codeql-compilers-repo/test_dir/build_testing/codeql_db/src/usr/include/c++/9/bits/move.h
[E 18:29:44 1810] Archiving /home/akhil/compilers/codeql-compilers-repo/test_dir/build_testing/codeql_db/src/usr/include/c++/9/bits/nested_exception.h
[E 18:29:44 1810] Already archived /home/akhil/compilers/codeql-compilers-repo/test_dir/build_testing/codeql_db/src/usr/include/c++/9/exception
[E 18:29:44 1810] Archiving /home/akhil/compilers/codeql-compilers-repo/test_dir/build_testing/codeql_db/src/usr/include/c++/9/bits/functexcept.h
[E 18:29:44 1810] Archiving /home/akhil/compilers/codeql-compilers-repo/test_dir/build_testing/codeql_db/src/usr/include/c++/9/bits/cpp_type_traits.h
[E 18:29:44 1810] Archiving /home/akhil/compilers/codeql-compilers-repo/test_dir/build_testing/codeql_db/src/usr/include/c++/9/ext/type_traits.h
[E 18:29:44 1810] Archiving /home/akhil/compilers/codeql-compilers-repo/test_dir/build_testing/codeql_db/src/usr/include/c++/9/ext/numeric_traits.h
[E 18:29:44 1810] Archiving /home/akhil/compilers/codeql-compilers-repo/test_dir/build_testing/codeql_db/src/usr/include/c++/9/bits/stl_pair.h
[E 18:29:44 1810] Archiving /home/akhil/compilers/codeql-compilers-repo/test_dir/build_testing/codeql_db/src/usr/include/c++/9/bits/stl_iterator_base_types.h
[E 18:29:44 1810] Archiving /home/akhil/compilers/codeql-compilers-repo/test_dir/build_testing/codeql_db/src/usr/include/c++/9/debug/assertions.h
[E 18:29:44 1810] Archiving /home/akhil/compilers/codeql-compilers-repo/test_dir/build_testing/codeql_db/src/usr/include/c++/9/bits/stl_iterator_base_funcs.h
[E 18:29:44 1810] Archiving /home/akhil/compilers/codeql-compilers-repo/test_dir/build_testing/codeql_db/src/usr/include/c++/9/bits/ptr_traits.h
[E 18:29:44 1810] Archiving /home/akhil/compilers/codeql-compilers-repo/test_dir/build_testing/codeql_db/src/usr/include/c++/9/bits/stl_iterator.h
[E 18:29:44 1810] Archiving /home/akhil/compilers/codeql-compilers-repo/test_dir/build_testing/codeql_db/src/usr/include/c++/9/debug/debug.h
[E 18:29:44 1810] Archiving /home/akhil/compilers/codeql-compilers-repo/test_dir/build_testing/codeql_db/src/usr/include/c++/9/bits/predefined_ops.h
[E 18:29:44 1810] Archiving /home/akhil/compilers/codeql-compilers-repo/test_dir/build_testing/codeql_db/src/usr/include/c++/9/bits/stl_algobase.h
[E 18:29:44 1810] Already archived /home/akhil/compilers/codeql-compilers-repo/test_dir/build_testing/codeql_db/src/usr/include/c++/9/cwchar
[E 18:29:44 1810] Already archived /home/akhil/compilers/codeql-compilers-repo/test_dir/build_testing/codeql_db/src/usr/include/x86_64-linux-gnu/bits/libc-header-start.h
[E 18:29:44 1810] Archiving /home/akhil/compilers/codeql-compilers-repo/test_dir/build_testing/codeql_db/src/usr/include/x86_64-linux-gnu/bits/timesize.h
[E 18:29:44 1810] Archiving /home/akhil/compilers/codeql-compilers-repo/test_dir/build_testing/codeql_db/src/usr/include/x86_64-linux-gnu/bits/typesizes.h
[E 18:29:44 1810] Archiving /home/akhil/compilers/codeql-compilers-repo/test_dir/build_testing/codeql_db/src/usr/include/x86_64-linux-gnu/bits/time64.h
[E 18:29:44 1810] Archiving /home/akhil/compilers/codeql-compilers-repo/test_dir/build_testing/codeql_db/src/usr/include/x86_64-linux-gnu/bits/types.h
[E 18:29:44 1810] Archiving /home/akhil/compilers/codeql-compilers-repo/test_dir/build_testing/codeql_db/src/usr/include/x86_64-linux-gnu/bits/stdint-intn.h
[E 18:29:44 1810] Archiving /home/akhil/compilers/codeql-compilers-repo/test_dir/build_testing/codeql_db/src/usr/include/x86_64-linux-gnu/bits/stdint-uintn.h
[E 18:29:44 1810] Archiving /home/akhil/compilers/codeql-compilers-repo/test_dir/build_testing/codeql_db/src/usr/include/stdint.h
[E 18:29:44 1810] Archiving /home/akhil/compilers/codeql-compilers-repo/test_dir/build_testing/codeql_db/src/usr/lib/gcc/x86_64-linux-gnu/9/include/stdint.h
[E 18:29:44 1810] Archiving /home/akhil/compilers/codeql-compilers-repo/test_dir/build_testing/codeql_db/src/usr/include/c++/9/cstdint
[E 18:29:44 1810] Archiving /home/akhil/compilers/codeql-compilers-repo/test_dir/build_testing/codeql_db/src/usr/include/c++/9/bits/char_traits.h
[E 18:29:44 1810] Already archived /home/akhil/compilers/codeql-compilers-repo/test_dir/build_testing/codeql_db/src/usr/lib/gcc/x86_64-linux-gnu/9/include/stddef.h
[E 18:29:44 1810] Archiving /home/akhil/compilers/codeql-compilers-repo/test_dir/build_testing/codeql_db/src/usr/include/x86_64-linux-gnu/bits/locale.h
[E 18:29:44 1810] Archiving /home/akhil/compilers/codeql-compilers-repo/test_dir/build_testing/codeql_db/src/usr/include/locale.h
[E 18:29:44 1810] Archiving /home/akhil/compilers/codeql-compilers-repo/test_dir/build_testing/codeql_db/src/usr/include/c++/9/clocale
[E 18:29:44 1810] Archiving /home/akhil/compilers/codeql-compilers-repo/test_dir/build_testing/codeql_db/src/usr/include/x86_64-linux-gnu/c++/9/bits/c++locale.h
[E 18:29:44 1810] Archiving /home/akhil/compilers/codeql-compilers-repo/test_dir/build_testing/codeql_db/src/usr/include/x86_64-linux-gnu/bits/endianness.h
[E 18:29:44 1810] Archiving /home/akhil/compilers/codeql-compilers-repo/test_dir/build_testing/codeql_db/src/usr/include/x86_64-linux-gnu/bits/endian.h
[E 18:29:44 1810] Archiving /home/akhil/compilers/codeql-compilers-repo/test_dir/build_testing/codeql_db/src/usr/include/ctype.h
[E 18:29:44 1810] Archiving /home/akhil/compilers/codeql-compilers-repo/test_dir/build_testing/codeql_db/src/usr/include/c++/9/cctype
[E 18:29:44 1810] Archiving /home/akhil/compilers/codeql-compilers-repo/test_dir/build_testing/codeql_db/src/usr/include/c++/9/bits/localefwd.h
[E 18:29:44 1810] Already archived /home/akhil/compilers/codeql-compilers-repo/test_dir/build_testing/codeql_db/src/usr/lib/gcc/x86_64-linux-gnu/9/include/stddef.h
[E 18:29:45 1810] Archiving /home/akhil/compilers/codeql-compilers-repo/test_dir/build_testing/codeql_db/src/usr/include/x86_64-linux-gnu/bits/types/time_t.h
[E 18:29:45 1810] Archiving /home/akhil/compilers/codeql-compilers-repo/test_dir/build_testing/codeql_db/src/usr/include/x86_64-linux-gnu/bits/types/struct_timespec.h
[E 18:29:45 1810] Archiving /home/akhil/compilers/codeql-compilers-repo/test_dir/build_testing/codeql_db/src/usr/include/x86_64-linux-gnu/bits/types/struct_sched_param.h
[E 18:29:45 1810] Archiving /home/akhil/compilers/codeql-compilers-repo/test_dir/build_testing/codeql_db/src/usr/include/x86_64-linux-gnu/bits/sched.h
[E 18:29:45 1810] Archiving /home/akhil/compilers/codeql-compilers-repo/test_dir/build_testing/codeql_db/src/usr/include/x86_64-linux-gnu/bits/cpu-set.h
[E 18:29:45 1810] Archiving /home/akhil/compilers/codeql-compilers-repo/test_dir/build_testing/codeql_db/src/usr/include/sched.h
[E 18:29:45 1810] Already archived /home/akhil/compilers/codeql-compilers-repo/test_dir/build_testing/codeql_db/src/usr/lib/gcc/x86_64-linux-gnu/9/include/stddef.h
[E 18:29:45 1810] Archiving /home/akhil/compilers/codeql-compilers-repo/test_dir/build_testing/codeql_db/src/usr/include/x86_64-linux-gnu/bits/types/struct_timeval.h
[E 18:29:45 1810] Archiving /home/akhil/compilers/codeql-compilers-repo/test_dir/build_testing/codeql_db/src/usr/include/x86_64-linux-gnu/bits/timex.h
[E 18:29:45 1810] Archiving /home/akhil/compilers/codeql-compilers-repo/test_dir/build_testing/codeql_db/src/usr/include/x86_64-linux-gnu/bits/time.h
[E 18:29:45 1810] Archiving /home/akhil/compilers/codeql-compilers-repo/test_dir/build_testing/codeql_db/src/usr/include/x86_64-linux-gnu/bits/types/clock_t.h
[E 18:29:45 1810] Archiving /home/akhil/compilers/codeql-compilers-repo/test_dir/build_testing/codeql_db/src/usr/include/x86_64-linux-gnu/bits/types/struct_tm.h
[E 18:29:45 1810] Archiving /home/akhil/compilers/codeql-compilers-repo/test_dir/build_testing/codeql_db/src/usr/include/x86_64-linux-gnu/bits/types/clockid_t.h
[E 18:29:45 1810] Archiving /home/akhil/compilers/codeql-compilers-repo/test_dir/build_testing/codeql_db/src/usr/include/x86_64-linux-gnu/bits/types/timer_t.h
[E 18:29:45 1810] Archiving /home/akhil/compilers/codeql-compilers-repo/test_dir/build_testing/codeql_db/src/usr/include/x86_64-linux-gnu/bits/types/struct_itimerspec.h
[E 18:29:45 1810] Archiving /home/akhil/compilers/codeql-compilers-repo/test_dir/build_testing/codeql_db/src/usr/include/time.h
[E 18:29:45 1810] Archiving /home/akhil/compilers/codeql-compilers-repo/test_dir/build_testing/codeql_db/src/usr/include/x86_64-linux-gnu/bits/pthreadtypes-arch.h
[E 18:29:45 1810] Archiving /home/akhil/compilers/codeql-compilers-repo/test_dir/build_testing/codeql_db/src/usr/include/x86_64-linux-gnu/bits/struct_mutex.h
[E 18:29:45 1810] Archiving /home/akhil/compilers/codeql-compilers-repo/test_dir/build_testing/codeql_db/src/usr/include/x86_64-linux-gnu/bits/struct_rwlock.h
[E 18:29:45 1810] Archiving /home/akhil/compilers/codeql-compilers-repo/test_dir/build_testing/codeql_db/src/usr/include/x86_64-linux-gnu/bits/thread-shared-types.h
[E 18:29:45 1810] Archiving /home/akhil/compilers/codeql-compilers-repo/test_dir/build_testing/codeql_db/src/usr/include/x86_64-linux-gnu/bits/pthreadtypes.h
[E 18:29:45 1810] Archiving /home/akhil/compilers/codeql-compilers-repo/test_dir/build_testing/codeql_db/src/usr/include/x86_64-linux-gnu/bits/setjmp.h
[E 18:29:45 1810] Archiving /home/akhil/compilers/codeql-compilers-repo/test_dir/build_testing/codeql_db/src/usr/include/pthread.h
[E 18:29:45 1810] Archiving /home/akhil/compilers/codeql-compilers-repo/test_dir/build_testing/codeql_db/src/usr/include/x86_64-linux-gnu/c++/9/bits/gthr-default.h
[E 18:29:45 1810] Archiving /home/akhil/compilers/codeql-compilers-repo/test_dir/build_testing/codeql_db/src/usr/include/x86_64-linux-gnu/c++/9/bits/gthr.h
[E 18:29:45 1810] Archiving /home/akhil/compilers/codeql-compilers-repo/test_dir/build_testing/codeql_db/src/usr/include/x86_64-linux-gnu/c++/9/bits/atomic_word.h
[E 18:29:45 1810] Archiving /home/akhil/compilers/codeql-compilers-repo/test_dir/build_testing/codeql_db/src/usr/include/c++/9/ext/atomicity.h
[E 18:29:45 1810] Archiving /home/akhil/compilers/codeql-compilers-repo/test_dir/build_testing/codeql_db/src/usr/include/c++/9/ext/new_allocator.h
[E 18:29:45 1810] Archiving /home/akhil/compilers/codeql-compilers-repo/test_dir/build_testing/codeql_db/src/usr/include/x86_64-linux-gnu/c++/9/bits/c++allocator.h
[E 18:29:45 1810] Archiving /home/akhil/compilers/codeql-compilers-repo/test_dir/build_testing/codeql_db/src/usr/include/c++/9/bits/allocator.h
[E 18:29:45 1810] Archiving /home/akhil/compilers/codeql-compilers-repo/test_dir/build_testing/codeql_db/src/usr/include/c++/9/bits/cxxabi_forced.h
[E 18:29:45 1810] Archiving /home/akhil/compilers/codeql-compilers-repo/test_dir/build_testing/codeql_db/src/usr/include/c++/9/bits/ostream_insert.h
[E 18:29:45 1810] Archiving /home/akhil/compilers/codeql-compilers-repo/test_dir/build_testing/codeql_db/src/usr/include/c++/9/backward/binders.h
[E 18:29:45 1810] Archiving /home/akhil/compilers/codeql-compilers-repo/test_dir/build_testing/codeql_db/src/usr/include/c++/9/bits/stl_function.h
[E 18:29:45 1810] Archiving /home/akhil/compilers/codeql-compilers-repo/test_dir/build_testing/codeql_db/src/usr/include/c++/9/initializer_list
[E 18:29:45 1810] Archiving /home/akhil/compilers/codeql-compilers-repo/test_dir/build_testing/codeql_db/src/usr/include/c++/9/bits/range_access.h
[E 18:29:45 1810] Archiving /home/akhil/compilers/codeql-compilers-repo/test_dir/build_testing/codeql_db/src/usr/include/c++/9/bits/alloc_traits.h
[E 18:29:45 1810] Archiving /home/akhil/compilers/codeql-compilers-repo/test_dir/build_testing/codeql_db/src/usr/include/c++/9/ext/alloc_traits.h
[E 18:29:45 1810] Already archived /home/akhil/compilers/codeql-compilers-repo/test_dir/build_testing/codeql_db/src/usr/include/x86_64-linux-gnu/bits/libc-header-start.h
[E 18:29:45 1810] Already archived /home/akhil/compilers/codeql-compilers-repo/test_dir/build_testing/codeql_db/src/usr/lib/gcc/x86_64-linux-gnu/9/include/stddef.h
[E 18:29:45 1810] Archiving /home/akhil/compilers/codeql-compilers-repo/test_dir/build_testing/codeql_db/src/usr/include/x86_64-linux-gnu/bits/waitflags.h
[E 18:29:45 1810] Archiving /home/akhil/compilers/codeql-compilers-repo/test_dir/build_testing/codeql_db/src/usr/include/x86_64-linux-gnu/bits/waitstatus.h
[E 18:29:45 1810] Already archived /home/akhil/compilers/codeql-compilers-repo/test_dir/build_testing/codeql_db/src/usr/lib/gcc/x86_64-linux-gnu/9/include/stddef.h
[E 18:29:45 1810] Archiving /home/akhil/compilers/codeql-compilers-repo/test_dir/build_testing/codeql_db/src/usr/include/x86_64-linux-gnu/bits/byteswap.h
[E 18:29:45 1810] Archiving /home/akhil/compilers/codeql-compilers-repo/test_dir/build_testing/codeql_db/src/usr/include/x86_64-linux-gnu/bits/uintn-identity.h
[E 18:29:45 1810] Archiving /home/akhil/compilers/codeql-compilers-repo/test_dir/build_testing/codeql_db/src/usr/include/endian.h
[E 18:29:45 1810] Already archived /home/akhil/compilers/codeql-compilers-repo/test_dir/build_testing/codeql_db/src/usr/include/x86_64-linux-gnu/bits/wordsize.h
[E 18:29:45 1810] Archiving /home/akhil/compilers/codeql-compilers-repo/test_dir/build_testing/codeql_db/src/usr/include/x86_64-linux-gnu/bits/select.h
[E 18:29:45 1810] Archiving /home/akhil/compilers/codeql-compilers-repo/test_dir/build_testing/codeql_db/src/usr/include/x86_64-linux-gnu/bits/types/__sigset_t.h
[E 18:29:45 1810] Archiving /home/akhil/compilers/codeql-compilers-repo/test_dir/build_testing/codeql_db/src/usr/include/x86_64-linux-gnu/bits/types/sigset_t.h
[E 18:29:45 1810] Archiving /home/akhil/compilers/codeql-compilers-repo/test_dir/build_testing/codeql_db/src/usr/include/x86_64-linux-gnu/sys/select.h
[E 18:29:45 1810] Archiving /home/akhil/compilers/codeql-compilers-repo/test_dir/build_testing/codeql_db/src/usr/include/x86_64-linux-gnu/sys/types.h
[E 18:29:45 1810] Already archived /home/akhil/compilers/codeql-compilers-repo/test_dir/build_testing/codeql_db/src/usr/lib/gcc/x86_64-linux-gnu/9/include/stddef.h
[E 18:29:45 1810] Archiving /home/akhil/compilers/codeql-compilers-repo/test_dir/build_testing/codeql_db/src/usr/include/alloca.h
[E 18:29:45 1810] Archiving /home/akhil/compilers/codeql-compilers-repo/test_dir/build_testing/codeql_db/src/usr/include/x86_64-linux-gnu/bits/stdlib-float.h
[E 18:29:45 1810] Archiving /home/akhil/compilers/codeql-compilers-repo/test_dir/build_testing/codeql_db/src/usr/include/stdlib.h
[E 18:29:45 1810] Archiving /home/akhil/compilers/codeql-compilers-repo/test_dir/build_testing/codeql_db/src/usr/include/c++/9/bits/std_abs.h
[E 18:29:45 1810] Archiving /home/akhil/compilers/codeql-compilers-repo/test_dir/build_testing/codeql_db/src/usr/include/c++/9/cstdlib
[E 18:29:45 1810] Already archived /home/akhil/compilers/codeql-compilers-repo/test_dir/build_testing/codeql_db/src/usr/include/x86_64-linux-gnu/bits/libc-header-start.h
[E 18:29:45 1810] Already archived /home/akhil/compilers/codeql-compilers-repo/test_dir/build_testing/codeql_db/src/usr/lib/gcc/x86_64-linux-gnu/9/include/stddef.h
[E 18:29:45 1810] Already archived /home/akhil/compilers/codeql-compilers-repo/test_dir/build_testing/codeql_db/src/usr/lib/gcc/x86_64-linux-gnu/9/include/stdarg.h
[E 18:29:45 1810] Archiving /home/akhil/compilers/codeql-compilers-repo/test_dir/build_testing/codeql_db/src/usr/include/x86_64-linux-gnu/bits/types/__fpos_t.h
[E 18:29:45 1810] Archiving /home/akhil/compilers/codeql-compilers-repo/test_dir/build_testing/codeql_db/src/usr/include/x86_64-linux-gnu/bits/types/__fpos64_t.h
[E 18:29:45 1810] Archiving /home/akhil/compilers/codeql-compilers-repo/test_dir/build_testing/codeql_db/src/usr/include/x86_64-linux-gnu/bits/types/struct_FILE.h
[E 18:29:45 1810] Archiving /home/akhil/compilers/codeql-compilers-repo/test_dir/build_testing/codeql_db/src/usr/include/x86_64-linux-gnu/bits/types/cookie_io_functions_t.h
[E 18:29:45 1810] Archiving /home/akhil/compilers/codeql-compilers-repo/test_dir/build_testing/codeql_db/src/usr/include/x86_64-linux-gnu/bits/stdio_lim.h
[E 18:29:45 1810] Archiving /home/akhil/compilers/codeql-compilers-repo/test_dir/build_testing/codeql_db/src/usr/include/x86_64-linux-gnu/bits/sys_errlist.h
[E 18:29:45 1810] Archiving /home/akhil/compilers/codeql-compilers-repo/test_dir/build_testing/codeql_db/src/usr/include/stdio.h
[E 18:29:45 1810] Archiving /home/akhil/compilers/codeql-compilers-repo/test_dir/build_testing/codeql_db/src/usr/include/c++/9/cstdio
[E 18:29:45 1810] Archiving /home/akhil/compilers/codeql-compilers-repo/test_dir/build_testing/codeql_db/src/usr/include/asm-generic/errno-base.h
[E 18:29:45 1810] Archiving /home/akhil/compilers/codeql-compilers-repo/test_dir/build_testing/codeql_db/src/usr/include/asm-generic/errno.h
[E 18:29:45 1810] Archiving /home/akhil/compilers/codeql-compilers-repo/test_dir/build_testing/codeql_db/src/usr/include/x86_64-linux-gnu/asm/errno.h
[E 18:29:45 1810] Archiving /home/akhil/compilers/codeql-compilers-repo/test_dir/build_testing/codeql_db/src/usr/include/linux/errno.h
[E 18:29:45 1810] Archiving /home/akhil/compilers/codeql-compilers-repo/test_dir/build_testing/codeql_db/src/usr/include/x86_64-linux-gnu/bits/errno.h
[E 18:29:45 1810] Archiving /home/akhil/compilers/codeql-compilers-repo/test_dir/build_testing/codeql_db/src/usr/include/x86_64-linux-gnu/bits/types/error_t.h
[E 18:29:45 1810] Archiving /home/akhil/compilers/codeql-compilers-repo/test_dir/build_testing/codeql_db/src/usr/include/errno.h
[E 18:29:45 1810] Archiving /home/akhil/compilers/codeql-compilers-repo/test_dir/build_testing/codeql_db/src/usr/include/c++/9/cerrno
[E 18:29:45 1810] Archiving /home/akhil/compilers/codeql-compilers-repo/test_dir/build_testing/codeql_db/src/usr/include/c++/9/ext/string_conversions.h
[E 18:29:45 1810] Archiving /home/akhil/compilers/codeql-compilers-repo/test_dir/build_testing/codeql_db/src/usr/include/c++/9/bits/functional_hash.h
[E 18:29:45 1810] Archiving /home/akhil/compilers/codeql-compilers-repo/test_dir/build_testing/codeql_db/src/usr/include/c++/9/bits/basic_string.h
[E 18:29:45 1810] Archiving /home/akhil/compilers/codeql-compilers-repo/test_dir/build_testing/codeql_db/src/usr/include/c++/9/bits/basic_string.tcc
[E 18:29:45 1810] Archiving /home/akhil/compilers/codeql-compilers-repo/test_dir/build_testing/codeql_db/src/usr/include/c++/9/string
[E 18:29:45 1810] Archiving /home/akhil/compilers/codeql-compilers-repo/test_dir/build_testing/codeql_db/src/usr/include/c++/9/bits/locale_classes.tcc
[E 18:29:45 1810] Archiving /home/akhil/compilers/codeql-compilers-repo/test_dir/build_testing/codeql_db/src/usr/include/c++/9/bits/locale_classes.h
[E 18:29:45 1810] Already archived /home/akhil/compilers/codeql-compilers-repo/test_dir/build_testing/codeql_db/src/usr/include/c++/9/cerrno
[E 18:29:45 1810] Archiving /home/akhil/compilers/codeql-compilers-repo/test_dir/build_testing/codeql_db/src/usr/include/x86_64-linux-gnu/c++/9/bits/error_constants.h
[E 18:29:45 1810] Archiving /home/akhil/compilers/codeql-compilers-repo/test_dir/build_testing/codeql_db/src/usr/include/c++/9/stdexcept
[E 18:29:45 1810] Archiving /home/akhil/compilers/codeql-compilers-repo/test_dir/build_testing/codeql_db/src/usr/include/c++/9/system_error
[E 18:29:45 1810] Archiving /home/akhil/compilers/codeql-compilers-repo/test_dir/build_testing/codeql_db/src/usr/include/c++/9/bits/ios_base.h
[E 18:29:45 1810] Archiving /home/akhil/compilers/codeql-compilers-repo/test_dir/build_testing/codeql_db/src/usr/include/c++/9/bits/streambuf.tcc
[E 18:29:45 1810] Archiving /home/akhil/compilers/codeql-compilers-repo/test_dir/build_testing/codeql_db/src/usr/include/c++/9/streambuf
[E 18:29:45 1810] Archiving /home/akhil/compilers/codeql-compilers-repo/test_dir/build_testing/codeql_db/src/usr/include/x86_64-linux-gnu/bits/wctype-wchar.h
[E 18:29:45 1810] Archiving /home/akhil/compilers/codeql-compilers-repo/test_dir/build_testing/codeql_db/src/usr/include/wctype.h
[E 18:29:45 1810] Archiving /home/akhil/compilers/codeql-compilers-repo/test_dir/build_testing/codeql_db/src/usr/include/c++/9/cwctype
[E 18:29:45 1810] Already archived /home/akhil/compilers/codeql-compilers-repo/test_dir/build_testing/codeql_db/src/usr/include/c++/9/cctype
[E 18:29:45 1810] Archiving /home/akhil/compilers/codeql-compilers-repo/test_dir/build_testing/codeql_db/src/usr/include/x86_64-linux-gnu/c++/9/bits/ctype_base.h
[E 18:29:45 1810] Archiving /home/akhil/compilers/codeql-compilers-repo/test_dir/build_testing/codeql_db/src/usr/include/c++/9/bits/streambuf_iterator.h
[E 18:29:45 1810] Archiving /home/akhil/compilers/codeql-compilers-repo/test_dir/build_testing/codeql_db/src/usr/include/x86_64-linux-gnu/c++/9/bits/ctype_inline.h
[E 18:29:45 1810] Archiving /home/akhil/compilers/codeql-compilers-repo/test_dir/build_testing/codeql_db/src/usr/include/c++/9/bits/locale_facets.tcc
[E 18:29:45 1810] Archiving /home/akhil/compilers/codeql-compilers-repo/test_dir/build_testing/codeql_db/src/usr/include/c++/9/bits/locale_facets.h
[E 18:29:45 1810] Archiving /home/akhil/compilers/codeql-compilers-repo/test_dir/build_testing/codeql_db/src/usr/include/c++/9/bits/basic_ios.tcc
[E 18:29:45 1810] Archiving /home/akhil/compilers/codeql-compilers-repo/test_dir/build_testing/codeql_db/src/usr/include/c++/9/bits/basic_ios.h
[E 18:29:45 1810] Archiving /home/akhil/compilers/codeql-compilers-repo/test_dir/build_testing/codeql_db/src/usr/include/c++/9/ios
[E 18:29:45 1810] Archiving /home/akhil/compilers/codeql-compilers-repo/test_dir/build_testing/codeql_db/src/usr/include/c++/9/bits/ostream.tcc
[E 18:29:45 1810] Archiving /home/akhil/compilers/codeql-compilers-repo/test_dir/build_testing/codeql_db/src/usr/include/c++/9/ostream
[E 18:29:45 1810] Archiving /home/akhil/compilers/codeql-compilers-repo/test_dir/build_testing/codeql_db/src/usr/include/c++/9/bits/istream.tcc
[E 18:29:45 1810] Archiving /home/akhil/compilers/codeql-compilers-repo/test_dir/build_testing/codeql_db/src/usr/include/c++/9/istream
[E 18:29:45 1810] Archiving /home/akhil/compilers/codeql-compilers-repo/test_dir/build_testing/codeql_db/src/usr/include/c++/9/iostream
[E 18:29:45 1810] Archiving /home/akhil/compilers/codeql-compilers-repo/test_dir/build_testing/codeql_db/src/home/akhil/compilers/codeql-compilers-repo/test_dir/build_testing/row_major.cpp
[E 18:29:45 1810] Warning[extractor-c++]: In index_enk_builtin_operation: Unrecognized builtin operation kind 54 (__is_assignable).
[E 18:29:45 1810] Warning[extractor-c++]: In index_enk_builtin_operation: Unrecognized builtin operation kind 54 (__is_assignable).
[E 18:29:45 1810] Warning[extractor-c++]: In index_stmk_decl: No source sequence entry for declaration statement.
[E 18:29:45 1810] Warning[extractor-c++]: In index_stmk_decl: No source sequence entry for declaration statement.
[E 18:29:45 1810] Warning[extractor-c++]: In index_stmk_decl: No source sequence entry for declaration statement.
[E 18:29:45 1810] Warning[extractor-c++]: In index_stmk_decl: No source sequence entry for declaration statement.
[E 18:29:45 1810] Warning[extractor-c++]: In index_stmk_decl: No source sequence entry for declaration statement.
[E 18:29:45 1810] Warning[extractor-c++]: In index_stmk_decl: No source sequence entry for declaration statement.
[E 18:29:45 1810] Warning[extractor-c++]: In index_stmk_decl: No source sequence entry for declaration statement.
[E 18:29:45 1810] Warning[extractor-c++]: In index_stmk_decl: No source sequence entry for declaration statement.
[E 18:29:45 1810] Warning[extractor-c++]: In index_stmk_decl: No source sequence entry for declaration statement.
[E 18:29:45 1810] Warning[extractor-c++]: In index_stmk_decl: No source sequence entry for declaration statement.
[E 18:29:45 1810] Warning[extractor-c++]: In index_stmk_decl: No source sequence entry for declaration statement.
[E 18:29:45 1810] Warning[extractor-c++]: In index_stmk_decl: No source sequence entry for declaration statement.
[E 18:29:45 1810] Warning[extractor-c++]: In index_stmk_decl: No source sequence entry for declaration statement.
[E 18:29:45 1810] Warning[extractor-c++]: In index_stmk_decl: No source sequence entry for declaration statement.
[E 18:29:45 1810] Warning[extractor-c++]: In index_stmk_decl: No source sequence entry for declaration statement.
[E 18:29:45 1810] Warning[extractor-c++]: In index_stmk_decl: No source sequence entry for declaration statement.
[E 18:29:45 1810] Warning[extractor-c++]: In index_stmk_decl: No source sequence entry for declaration statement.
[E 18:29:45 1810] Warning[extractor-c++]: In index_stmk_decl: No source sequence entry for declaration statement.
[E 18:29:45 1810] Warning[extractor-c++]: In index_stmk_decl: No source sequence entry for declaration statement.
[E 18:29:45 1810] Warning[extractor-c++]: In index_stmk_decl: No source sequence entry for declaration statement.
[E 18:29:45 1810] Warning[extractor-c++]: In index_stmk_decl: No source sequence entry for declaration statement.
[E 18:29:45 1810] Warning[extractor-c++]: In index_stmk_decl: No source sequence entry for declaration statement.
[E 18:29:45 1810] Warning[extractor-c++]: In index_stmk_decl: No source sequence entry for declaration statement.
[E 18:29:45 1810] Warning[extractor-c++]: In index_stmk_decl: No source sequence entry for declaration statement.
[E 18:29:45 1810] Warning[extractor-c++]: In index_stmk_decl: No source sequence entry for declaration statement.
[E 18:29:45 1810] Warning[extractor-c++]: In index_stmk_decl: No source sequence entry for declaration statement.
[E 18:29:45 1810] Warning[extractor-c++]: In index_stmk_decl: No source sequence entry for declaration statement.
[E 18:29:45 1810] Warning[extractor-c++]: In index_stmk_decl: No source sequence entry for declaration statement.
[E 18:29:45 1810] Warning[extractor-c++]: In index_stmk_decl: No source sequence entry for declaration statement.
[E 18:29:45 1810] Warning[extractor-c++]: In index_stmk_decl: No source sequence entry for declaration statement.
[E 18:29:45 1810] Warning[extractor-c++]: In index_stmk_decl: No source sequence entry for declaration statement.
[E 18:29:45 1810] Warning[extractor-c++]: In index_stmk_decl: No source sequence entry for declaration statement.
[E 18:29:45 1810] Warning[extractor-c++]: In index_stmk_decl: No source sequence entry for declaration statement.
[E 18:29:45 1810] Warning[extractor-c++]: In index_stmk_decl: No source sequence entry for declaration statement.
[E 18:29:45 1810] Warning[extractor-c++]: In index_stmk_decl: No source sequence entry for declaration statement.
[E 18:29:45 1810] Warning[extractor-c++]: In index_stmk_decl: No source sequence entry for declaration statement.
[E 18:29:45 1810] Warning[extractor-c++]: In index_stmk_decl: No source sequence entry for declaration statement.
[E 18:29:45 1810] Warning[extractor-c++]: In index_stmk_decl: No source sequence entry for declaration statement.
[E 18:29:45 1810] Warning[extractor-c++]: In index_stmk_decl: No source sequence entry for declaration statement.
[E 18:29:45 1810] Warning[extractor-c++]: In index_stmk_decl: No source sequence entry for declaration statement.
[E 18:29:45 1810] Warning[extractor-c++]: In index_stmk_decl: No source sequence entry for declaration statement.
[E 18:29:45 1810] Warning[extractor-c++]: In index_stmk_decl: No source sequence entry for declaration statement.
[E 18:29:45 1810] Warning[extractor-c++]: In index_stmk_decl: No source sequence entry for declaration statement.
[E 18:29:45 1810] Warning[extractor-c++]: In index_stmk_decl: No source sequence entry for declaration statement.
[E 18:29:45 1810] Warning[extractor-c++]: In index_stmk_decl: No source sequence entry for declaration statement.
[E 18:29:45 1810] Warning[extractor-c++]: In index_stmk_decl: No source sequence entry for declaration statement.
[E 18:29:45 1810] Warning[extractor-c++]: In index_stmk_decl: No source sequence entry for declaration statement.
[E 18:29:45 1810] Warning[extractor-c++]: In index_stmk_decl: No source sequence entry for declaration statement.
[E 18:29:45 1810] Warning[extractor-c++]: In index_stmk_decl: No source sequence entry for declaration statement.
[E 18:29:45 1810] Warning[extractor-c++]: In index_stmk_decl: No source sequence entry for declaration statement.
[E 18:29:45 1810] Warning[extractor-c++]: In index_stmk_decl: No source sequence entry for declaration statement.
[E 18:29:45 1810] Warning[extractor-c++]: In index_stmk_decl: No source sequence entry for declaration statement.
[E 18:29:45 1810] Warning[extractor-c++]: In index_stmk_decl: No source sequence entry for declaration statement.
[E 18:29:45 1810] Warning[extractor-c++]: In index_stmk_decl: No source sequence entry for declaration statement.
[E 18:29:45 1810] Warning[extractor-c++]: In index_stmk_decl: No source sequence entry for declaration statement.
[E 18:29:45 1810] Warning[extractor-c++]: In index_stmk_decl: No source sequence entry for declaration statement.
[E 18:29:45 1810] Warning[extractor-c++]: In index_stmk_decl: No source sequence entry for declaration statement.
[E 18:29:45 1810] Warning[extractor-c++]: In index_stmk_decl: No source sequence entry for declaration statement.
[E 18:29:45 1810] Warning[extractor-c++]: In index_stmk_decl: No source sequence entry for declaration statement.
[E 18:29:45 1810] Warning[extractor-c++]: In index_stmk_decl: No source sequence entry for declaration statement.
[E 18:29:45 1810] Warning[extractor-c++]: In index_stmk_decl: No source sequence entry for declaration statement.
[E 18:29:45 1810] Warning[extractor-c++]: In index_stmk_decl: No source sequence entry for declaration statement.
[E 18:29:45 1810] Warning[extractor-c++]: In index_stmk_decl: No source sequence entry for declaration statement.
[E 18:29:45 1810] Warning[extractor-c++]: In index_stmk_decl: No source sequence entry for declaration statement.
[E 18:29:45 1810] Warning[extractor-c++]: In index_stmk_decl: No source sequence entry for declaration statement.
[E 18:29:45 1810] Warning[extractor-c++]: In index_stmk_decl: No source sequence entry for declaration statement.
[E 18:29:45 1810] Warning[extractor-c++]: In index_stmk_decl: No source sequence entry for declaration statement.
[E 18:29:45 1810] Warning[extractor-c++]: In index_stmk_decl: No source sequence entry for declaration statement.
[E 18:29:45 1810] Warning[extractor-c++]: In index_stmk_decl: No source sequence entry for declaration statement.
[E 18:29:45 1810] Warning[extractor-c++]: In index_stmk_decl: No source sequence entry for declaration statement.
[E 18:29:45 1810] Warning[extractor-c++]: In index_stmk_decl: No source sequence entry for declaration statement.
[E 18:29:45 1810] Warning[extractor-c++]: In index_stmk_decl: No source sequence entry for declaration statement.
[E 18:29:45 1810] Warning[extractor-c++]: In index_stmk_decl: No source sequence entry for declaration statement.
[E 18:29:45 1810] Warning[extractor-c++]: In index_stmk_decl: No source sequence entry for declaration statement.
[E 18:29:45 1810] Warning[extractor-c++]: In index_stmk_decl: No source sequence entry for declaration statement.
[E 18:29:45 1810] Warning[extractor-c++]: In index_stmk_decl: No source sequence entry for declaration statement.
[E 18:29:45 1810] Warning[extractor-c++]: In index_stmk_decl: No source sequence entry for declaration statement.
[E 18:29:45 1810] Warning[extractor-c++]: In index_stmk_decl: No source sequence entry for declaration statement.
[E 18:29:45 1810] Warning[extractor-c++]: In index_stmk_decl: No source sequence entry for declaration statement.
[E 18:29:45 1810] Warning[extractor-c++]: In index_stmk_decl: No source sequence entry for declaration statement.
[E 18:29:45 1810] Warning[extractor-c++]: In index_stmk_decl: No source sequence entry for declaration statement.
[E 18:29:45 1810] Warning[extractor-c++]: In index_stmk_decl: No source sequence entry for declaration statement.
[E 18:29:45 1810] Warning[extractor-c++]: In index_stmk_decl: No source sequence entry for declaration statement.
[E 18:29:45 1810] Warning[extractor-c++]: In index_stmk_decl: No source sequence entry for declaration statement.
[E 18:29:45 1810] Warning[extractor-c++]: In index_stmk_decl: No source sequence entry for declaration statement.
[E 18:29:45 1810] Warning[extractor-c++]: In index_stmk_decl: No source sequence entry for declaration statement.
[E 18:29:45 1810] Warning[extractor-c++]: In index_stmk_decl: No source sequence entry for declaration statement.
[E 18:29:45 1810] Warning[extractor-c++]: In index_stmk_decl: No source sequence entry for declaration statement.
[E 18:29:45 1810] Warning[extractor-c++]: In index_stmk_decl: No source sequence entry for declaration statement.
[E 18:29:45 1810] Warning[extractor-c++]: In index_stmk_decl: No source sequence entry for declaration statement.
[E 18:29:45 1810] Warning[extractor-c++]: In index_stmk_decl: No source sequence entry for declaration statement.
[E 18:29:45 1810] Warning[extractor-c++]: In index_stmk_decl: No source sequence entry for declaration statement.
[E 18:29:45 1810] Warning[extractor-c++]: In index_stmk_decl: No source sequence entry for declaration statement.
[E 18:29:45 1810] Warning[extractor-c++]: In index_stmk_decl: No source sequence entry for declaration statement.
[E 18:29:45 1810] Warning[extractor-c++]: In index_stmk_decl: No source sequence entry for declaration statement.
[E 18:29:45 1810] Warning[extractor-c++]: In index_stmk_decl: No source sequence entry for declaration statement.
[E 18:29:45 1810] Warning[extractor-c++]: In index_stmk_decl: No source sequence entry for declaration statement.
[E 18:29:45 1810] Warning[extractor-c++]: In index_stmk_decl: No source sequence entry for declaration statement.
[E 18:29:45 1810] Warning[extractor-c++]: In index_stmk_decl: No source sequence entry for declaration statement.
[E 18:29:45 1810] Warning[extractor-c++]: In index_stmk_decl: No source sequence entry for declaration statement.
[E 18:29:45 1810] Warning[extractor-c++]: In index_stmk_decl: No source sequence entry for declaration statement.
[E 18:29:45 1810] Warning[extractor-c++]: In index_stmk_decl: No source sequence entry for declaration statement.
[E 18:29:45 1810] Warning[extractor-c++]: In index_stmk_decl: No source sequence entry for declaration statement.
[E 18:29:45 1810] Warning[extractor-c++]: In index_stmk_decl: No source sequence entry for declaration statement.
[E 18:29:45 1810] Warning[extractor-c++]: In index_stmk_decl: No source sequence entry for declaration statement.
[E 18:29:45 1810] Warning[extractor-c++]: In index_stmk_decl: No source sequence entry for declaration statement.
[E 18:29:45 1810] Warning[extractor-c++]: In index_stmk_decl: No source sequence entry for declaration statement.
[E 18:29:45 1810] Warning[extractor-c++]: In index_stmk_decl: No source sequence entry for declaration statement.
[E 18:29:45 1810] Warning[extractor-c++]: In index_stmk_decl: No source sequence entry for declaration statement.
[E 18:29:45 1810] Warning[extractor-c++]: In canonicalise_path: realpath failed
[E 18:29:45 1810] Wrote 1639 files to /home/akhil/compilers/codeql-compilers-repo/test_dir/build_testing/codeql_db/trap/cpp/tarballs/home/akhil/compilers/codeql-compilers-repo/test_dir/build_testing/row_major.cpp.f55964e5_0.trap.tar.br
6 errors detected in the compilation of "row_major.cpp".
[E 18:29:45 1810] Finished compilation TRAP /home/akhil/compilers/codeql-compilers-repo/test_dir/build_testing/codeql_db/trap/cpp/compilations/45/55902206_0.trap.br
[T 18:29:45 1791] Extractor terminated with exit code 1.
